__main__: None -> <Module __main__ support/_mountzlib.py imports=[('archive', 0, 0, -1), ('iu', 0, 0, -1), ('sys', 0, 0, -1)] binaries=[] datas=[]>
archive: None -> <Module archive /home/mboscovich/proyectos/control_parental/pyinstaller-1.5.1/archive.pyc imports=[('marshal', 0, 0, -1), ('struct', 0, 0, -1), ('imp', 0, 0, -1), ('sys', 0, 0, -1), ('iu', 0, 0, -1), ('imp', 1, 0, -1), ('os', 1, 1, -1), ('zlib', 1, 1, -1), ('AES', 1, 1, -1), ('os', 1, 1, -1)] binaries=[] datas=[]>
iu: None -> <Module iu /home/mboscovich/proyectos/control_parental/pyinstaller-1.5.1/iu.pyc imports=[('sys', 0, 0, -1), ('imp', 0, 0, -1), ('marshal', 0, 0, -1), ('zipimport', 0, 0, -1), ('win32api', 1, 0, -1), ('__builtin__', 1, 0, -1), ('posix', 1, 1, -1), ('posix.stat', 1, 1, -1), ('posix.getcwd', 1, 1, -1), ('posix.environ', 1, 1, -1), ('posix.listdir', 1, 1, -1), ('nt', 1, 1, -1), ('nt.stat', 1, 1, -1), ('nt.getcwd', 1, 1, -1), ('nt.environ', 1, 1, -1), ('nt.listdir', 1, 1, -1), ('dos', 1, 1, -1), ('dos.stat', 1, 1, -1), ('dos.getcwd', 1, 1, -1), ('dos.environ', 1, 1, -1), ('dos.listdir', 1, 1, -1), ('os2', 1, 1, -1), ('os2.stat', 1, 1, -1), ('os2.getcwd', 1, 1, -1), ('os2.environ', 1, 1, -1), ('os2.listdir', 1, 1, -1), ('mac', 1, 1, -1), ('mac.stat', 1, 1, -1), ('mac.getcwd', 1, 1, -1), ('mac.environ', 1, 1, -1), ('mac.listdir', 1, 1, -1)] binaries=[] datas=[]>
sys: None -> <Module sys None imports=[] binaries=[] datas=[]>
marshal: None -> <Module marshal None imports=[] binaries=[] datas=[]>
struct: None -> <Module struct /usr/lib/python2.7/struct.pyc imports=[('_struct', 0, 0, -1), ('_struct.*', 0, 0, -1), ('_struct', 0, 0, -1), ('_struct._clearcache', 0, 0, -1), ('_struct', 0, 0, -1), ('_struct.__doc__', 0, 0, -1)] binaries=[] datas=[]>
imp: None -> <Module imp None imports=[] binaries=[] datas=[]>
os: None -> <Module os /usr/lib/python2.7/os.pyc imports=[('sys', 0, 0, -1), ('errno', 0, 0, -1), ('posix', 0, 1, -1), ('posix.*', 0, 1, -1), ('posix', 0, 1, -1), ('posix._exit', 0, 1, -1), ('posixpath', 0, 1, -1), ('posix', 0, 1, -1), ('nt', 0, 1, -1), ('nt.*', 0, 1, -1), ('nt', 0, 1, -1), ('nt._exit', 0, 1, -1), ('ntpath', 0, 1, -1), ('nt', 0, 1, -1), ('os2', 0, 1, -1), ('os2.*', 0, 1, -1), ('os2', 0, 1, -1), ('os2._exit', 0, 1, -1), ('ntpath', 0, 1, -1), ('os2emxpath', 0, 1, -1), ('_emx_link', 0, 1, -1), ('_emx_link.link', 0, 1, -1), ('os2', 0, 1, -1), ('ce', 0, 1, -1), ('ce.*', 0, 1, -1), ('ce', 0, 1, -1), ('ce._exit', 0, 1, -1), ('ntpath', 0, 1, -1), ('ce', 0, 1, -1), ('riscos', 0, 1, -1), ('riscos.*', 0, 1, -1), ('riscos', 0, 1, -1), ('riscos._exit', 0, 1, -1), ('riscospath', 0, 1, -1), ('riscos', 0, 1, -1), ('os.path', 0, 0, -1), ('os.path.curdir', 0, 0, -1), ('os.path.pardir', 0, 0, -1), ('os.path.sep', 0, 0, -1), ('os.path.pathsep', 0, 0, -1), ('os.path.defpath', 0, 0, -1), ('os.path.extsep', 0, 0, -1), ('os.path.altsep', 0, 0, -1), ('os.path.devnull', 0, 0, -1), ('UserDict', 0, 1, -1), ('riscosenviron', 0, 1, -1), ('riscosenviron._Environ', 0, 1, -1), ('copy_reg', 0, 0, -1), ('warnings', 1, 0, -1), ('subprocess', 1, 0, -1), ('warnings', 1, 0, -1), ('subprocess', 1, 0, -1), ('warnings', 1, 0, -1), ('subprocess', 1, 0, -1)] binaries=[] datas=[]>
zlib: None -> <Module zlib None imports=[] binaries=[] datas=[]>
AES: None -> None
  DEL AES
_struct: None -> <Module _struct None imports=[] binaries=[] datas=[]>
zipimport: None -> <Module zipimport None imports=[] binaries=[] datas=[]>
__builtin__: None -> <Module __builtin__ None imports=[] binaries=[] datas=[]>
posix: None -> <Module posix None imports=[] binaries=[] datas=[]>
errno: None -> <Module errno None imports=[] binaries=[] datas=[]>
posixpath: None -> <Module posixpath /usr/lib/python2.7/posixpath.pyc imports=[('os', 0, 0, -1), ('sys', 0, 0, -1), ('stat', 0, 0, -1), ('genericpath', 0, 0, -1), ('warnings', 0, 0, -1), ('genericpath', 0, 0, -1), ('genericpath.*', 0, 0, -1), ('pwd', 1, 1, -1), ('pwd', 1, 1, -1), ('re', 1, 1, -1)] binaries=[] datas=[]>
os2emxpath: None -> <Module os2emxpath /usr/lib/python2.7/os2emxpath.pyc imports=[('os', 0, 0, -1), ('stat', 0, 0, -1), ('genericpath', 0, 0, -1), ('genericpath.*', 0, 0, -1), ('ntpath', 0, 0, -1), ('ntpath.expanduser', 0, 0, -1), ('ntpath.expandvars', 0, 0, -1), ('ntpath.isabs', 0, 0, -1), ('ntpath.islink', 0, 0, -1), ('ntpath.splitdrive', 0, 0, -1), ('ntpath.splitext', 0, 0, -1), ('ntpath.split', 0, 0, -1), ('ntpath.walk', 0, 0, -1)] binaries=[] datas=[]>
_emx_link: None -> None
  DEL _emx_link
_emx_link: None -> None
  DEL _emx_link
UserDict: None -> <Module UserDict /usr/lib/python2.7/UserDict.pyc imports=[('_abcoll', 0, 0, -1), ('copy', 1, 0, -1)] binaries=[] datas=[]>
copy_reg: None -> <Module copy_reg /usr/lib/python2.7/copy_reg.pyc imports=[('types', 0, 0, -1), ('types.ClassType', 0, 0, -1)] binaries=[] datas=[]>
warnings: None -> <Module warnings /usr/lib/python2.7/warnings.pyc imports=[('linecache', 0, 0, -1), ('sys', 0, 0, -1), ('types', 0, 0, -1), ('_warnings', 0, 0, -1), ('_warnings.filters', 0, 0, -1), ('_warnings.default_action', 0, 0, -1), ('_warnings.once_registry', 0, 0, -1), ('_warnings.warn', 0, 0, -1), ('_warnings.warn_explicit', 0, 0, -1), ('re', 1, 0, -1), ('re', 1, 0, -1), ('re', 1, 0, -1)] binaries=[] datas=[]>
subprocess: None -> <Module subprocess /usr/lib/python2.7/subprocess.pyc imports=[('sys', 0, 0, -1), ('os', 0, 0, -1), ('types', 0, 0, -1), ('traceback', 0, 0, -1), ('gc', 0, 0, -1), ('signal', 0, 0, -1), ('errno', 0, 0, -1), ('threading', 0, 1, -1), ('msvcrt', 0, 1, -1), ('_subprocess', 0, 1, -1), ('select', 0, 1, -1), ('fcntl', 0, 1, -1), ('pickle', 0, 1, -1), ('_subprocess', 0, 1, -1), ('_subprocess.CREATE_NEW_CONSOLE', 0, 1, -1), ('_subprocess.CREATE_NEW_PROCESS_GROUP', 0, 1, -1), ('_subprocess.STD_INPUT_HANDLE', 0, 1, -1), ('_subprocess.STD_OUTPUT_HANDLE', 0, 1, -1), ('_subprocess.STD_ERROR_HANDLE', 0, 1, -1), ('_subprocess.SW_HIDE', 0, 1, -1), ('_subprocess.STARTF_USESTDHANDLES', 0, 1, -1), ('_subprocess.STARTF_USESHOWWINDOW', 0, 1, -1)] binaries=[] datas=[]>
stat: None -> <Module stat /usr/lib/python2.7/stat.pyc imports=[] binaries=[] datas=[]>
genericpath: None -> <Module genericpath /usr/lib/python2.7/genericpath.pyc imports=[('os', 0, 0, -1), ('stat', 0, 0, -1)] binaries=[] datas=[]>
pwd: None -> <Module pwd None imports=[] binaries=[] datas=[]>
re: None -> <Module re /usr/lib/python2.7/re.pyc imports=[('sys', 0, 0, -1), ('sre_compile', 0, 0, -1), ('sre_parse', 0, 0, -1), ('copy_reg', 0, 0, -1), ('sre_constants', 1, 0, -1), ('sre_constants.BRANCH', 1, 0, -1), ('sre_constants.SUBPATTERN', 1, 0, -1)] binaries=[] datas=[]>
linecache: None -> <Module linecache /usr/lib/python2.7/linecache.pyc imports=[('sys', 0, 0, -1), ('os', 0, 0, -1)] binaries=[] datas=[]>
types: None -> <Module types /usr/lib/python2.7/types.pyc imports=[('sys', 0, 0, -1)] binaries=[] datas=[]>
_warnings: None -> <Module _warnings None imports=[] binaries=[] datas=[]>
sre_compile: None -> <Module sre_compile /usr/lib/python2.7/sre_compile.pyc imports=[('_sre', 0, 0, -1), ('sys', 0, 0, -1), ('sre_parse', 0, 0, -1), ('sre_constants', 0, 0, -1), ('sre_constants.*', 0, 0, -1), ('array', 1, 0, -1)] binaries=[] datas=[]>
sre_parse: None -> <Module sre_parse /usr/lib/python2.7/sre_parse.pyc imports=[('sys', 0, 0, -1), ('sre_constants', 0, 0, -1), ('sre_constants.*', 0, 0, -1)] binaries=[] datas=[]>
sre_constants: None -> <Module sre_constants /usr/lib/python2.7/sre_constants.pyc imports=[] binaries=[] datas=[]>
_sre: None -> <Module _sre None imports=[] binaries=[] datas=[]>
array: None -> <Module array None imports=[] binaries=[] datas=[]>
ntpath: None -> <Module ntpath /usr/lib/python2.7/ntpath.pyc imports=[('os', 0, 0, -1), ('sys', 0, 0, -1), ('stat', 0, 0, -1), ('genericpath', 0, 0, -1), ('warnings', 0, 0, -1), ('genericpath', 0, 0, -1), ('genericpath.*', 0, 0, -1), ('nt', 0, 0, -1), ('nt._getfullpathname', 0, 0, -1), ('nt', 0, 0, -1), ('nt._isdir', 0, 0, -1), ('string', 1, 0, -1)] binaries=[] datas=[]>
nt: None -> None
  DEL nt
nt: None -> None
  DEL nt
nt: None -> None
  DEL nt
nt: None -> None
  DEL nt
string: None -> <Module string /usr/lib/python2.7/string.pyc imports=[('re', 0, 0, -1), ('strop', 0, 0, -1), ('strop.maketrans', 0, 0, -1), ('strop.lowercase', 0, 0, -1), ('strop.uppercase', 0, 0, -1), ('strop.whitespace', 0, 0, -1)] binaries=[] datas=[]>
strop: None -> <Module strop None imports=[] binaries=[] datas=[]>
_abcoll: None -> <Module _abcoll /usr/lib/python2.7/_abcoll.pyc imports=[('abc', 0, 0, -1), ('abc.ABCMeta', 0, 0, -1), ('abc.abstractmethod', 0, 0, -1), ('sys', 0, 0, -1)] binaries=[] datas=[]>
copy: None -> <Module copy /usr/lib/python2.7/copy.pyc imports=[('types', 0, 0, -1), ('weakref', 0, 0, -1), ('copy_reg', 0, 0, -1), ('copy_reg.dispatch_table', 0, 0, -1), ('org.python.core', 0, 0, -1), ('org.python.core.PyStringMap', 0, 0, -1), ('repr', 1, 0, -1), ('repr', 1, 0, -1), ('sys', 1, 1, -1)] binaries=[] datas=[]>
abc: None -> <Module abc /usr/lib/python2.7/abc.pyc imports=[('types', 0, 0, -1), ('_weakrefset', 0, 0, -1), ('_weakrefset.WeakSet', 0, 0, -1)] binaries=[] datas=[]>
_weakrefset: None -> <Module _weakrefset /usr/lib/python2.7/_weakrefset.pyc imports=[('_weakref', 0, 0, -1), ('_weakref.ref', 0, 0, -1)] binaries=[] datas=[]>
_weakref: None -> <Module _weakref None imports=[] binaries=[] datas=[]>
weakref: None -> <Module weakref /usr/lib/python2.7/weakref.pyc imports=[('UserDict', 0, 0, -1), ('_weakref', 0, 0, -1), ('_weakref.getweakrefcount', 0, 0, -1), ('_weakref.getweakrefs', 0, 0, -1), ('_weakref.ref', 0, 0, -1), ('_weakref.proxy', 0, 0, -1), ('_weakref.CallableProxyType', 0, 0, -1), ('_weakref.ProxyType', 0, 0, -1), ('_weakref.ReferenceType', 0, 0, -1), ('_weakrefset', 0, 0, -1), ('_weakrefset.WeakSet', 0, 0, -1), ('exceptions', 0, 0, -1), ('exceptions.ReferenceError', 0, 0, -1), ('copy', 1, 0, -1), ('copy.deepcopy', 1, 0, -1), ('copy', 1, 0, -1), ('copy.deepcopy', 1, 0, -1)] binaries=[] datas=[]>
org: None -> None
  DEL org
org: None -> None
  DEL org
repr: None -> <Module repr /usr/lib/python2.7/repr.pyc imports=[('__builtin__', 0, 0, -1), ('itertools', 0, 0, -1), ('itertools.islice', 0, 0, -1)] binaries=[] datas=[]>
exceptions: None -> <Module exceptions None imports=[] binaries=[] datas=[]>
itertools: None -> <Module itertools None imports=[] binaries=[] datas=[]>
traceback: None -> <Module traceback /usr/lib/python2.7/traceback.pyc imports=[('linecache', 0, 0, -1), ('sys', 0, 0, -1), ('types', 0, 0, -1)] binaries=[] datas=[]>
gc: None -> <Module gc None imports=[] binaries=[] datas=[]>
signal: None -> <Module signal None imports=[] binaries=[] datas=[]>
threading: None -> <Module threading /usr/lib/python2.7/threading.pyc imports=[('sys', 0, 0, -1), ('thread', 0, 0, -1), ('warnings', 0, 0, -1), ('time', 0, 0, -1), ('time.time', 0, 0, -1), ('time.sleep', 0, 0, -1), ('traceback', 0, 0, -1), ('traceback.format_exc', 0, 0, -1), ('collections', 0, 0, -1), ('collections.deque', 0, 0, -1), ('thread', 0, 0, -1), ('thread.stack_size', 0, 0, -1), ('thread', 0, 0, -1), ('thread._local', 0, 0, -1), ('_threading_local', 0, 1, -1), ('_threading_local.local', 0, 1, -1), ('random', 1, 0, -1), ('random.random', 1, 0, -1)] binaries=[] datas=[]>
msvcrt: None -> None
  DEL msvcrt
_subprocess: None -> None
  DEL _subprocess
select: None -> <Module select None imports=[] binaries=[] datas=[]>
fcntl: None -> <Module fcntl None imports=[] binaries=[] datas=[]>
pickle: None -> <Module pickle /usr/lib/python2.7/pickle.pyc imports=[('types', 0, 0, -1), ('types.*', 0, 0, -1), ('copy_reg', 0, 0, -1), ('copy_reg.dispatch_table', 0, 0, -1), ('copy_reg', 0, 0, -1), ('copy_reg._extension_registry', 0, 0, -1), ('copy_reg._inverted_registry', 0, 0, -1), ('copy_reg._extension_cache', 0, 0, -1), ('marshal', 0, 0, -1), ('sys', 0, 0, -1), ('struct', 0, 0, -1), ('re', 0, 0, -1), ('org.python.core', 0, 0, -1), ('org.python.core.PyStringMap', 0, 0, -1), ('binascii', 0, 0, -1), ('cStringIO', 0, 0, -1), ('cStringIO.StringIO', 0, 0, -1), ('StringIO', 0, 1, -1), ('StringIO.StringIO', 0, 1, -1), ('doctest', 1, 0, -1)] binaries=[] datas=[]>
_subprocess: None -> None
  DEL _subprocess
_subprocess: None -> None
  DEL _subprocess
_subprocess: None -> None
  DEL _subprocess
_subprocess: None -> None
  DEL _subprocess
_subprocess: None -> None
  DEL _subprocess
_subprocess: None -> None
  DEL _subprocess
_subprocess: None -> None
  DEL _subprocess
_subprocess: None -> None
  DEL _subprocess
_subprocess: None -> None
  DEL _subprocess
thread: None -> <Module thread None imports=[] binaries=[] datas=[]>
time: None -> <Module time None imports=[] binaries=[] datas=[]>
collections: None -> <Module collections /usr/lib/python2.7/collections.pyc imports=[('_abcoll', 0, 0, -1), ('_abcoll.*', 0, 0, -1), ('_abcoll', 0, 0, -1), ('_collections', 0, 0, -1), ('_collections.deque', 0, 0, -1), ('_collections.defaultdict', 0, 0, -1), ('operator', 0, 0, -1), ('operator.itemgetter', 0, 0, -1), ('keyword', 0, 0, -1), ('keyword.iskeyword', 0, 0, -1), ('sys', 0, 0, -1), ('heapq', 0, 0, -1), ('itertools', 0, 0, -1), ('itertools.repeat', 0, 0, -1), ('itertools.chain', 0, 0, -1), ('itertools.starmap', 0, 0, -1), ('thread', 0, 0, -1), ('thread.get_ident', 0, 0, -1), ('dummy_thread', 0, 1, -1), ('dummy_thread.get_ident', 0, 1, -1), ('cPickle', 0, 1, -1), ('cPickle.loads', 0, 1, -1), ('cPickle.dumps', 0, 1, -1), ('doctest', 0, 1, -1)] binaries=[] datas=[]>
_threading_local: None -> <Module _threading_local /usr/lib/python2.7/_threading_local.pyc imports=[('threading', 0, 0, -1), ('threading.current_thread', 0, 0, -1), ('threading.RLock', 0, 0, -1), ('threading', 1, 0, -1)] binaries=[] datas=[]>
random: None -> <Module random /usr/lib/python2.7/random.pyc imports=[('__future__', 0, 0, -1), ('__future__.division', 0, 0, -1), ('warnings', 0, 0, -1), ('warnings.warn', 0, 0, -1), ('types', 0, 0, -1), ('types.MethodType', 0, 0, -1), ('types.BuiltinMethodType', 0, 0, -1), ('math', 0, 0, -1), ('math.log', 0, 0, -1), ('math.exp', 0, 0, -1), ('math.pi', 0, 0, -1), ('math.e', 0, 0, -1), ('math.ceil', 0, 0, -1), ('math', 0, 0, -1), ('math.sqrt', 0, 0, -1), ('math.acos', 0, 0, -1), ('math.cos', 0, 0, -1), ('math.sin', 0, 0, -1), ('os', 0, 0, -1), ('os.urandom', 0, 0, -1), ('binascii', 0, 0, -1), ('binascii.hexlify', 0, 0, -1), ('hashlib', 0, 0, -1), ('_random', 0, 0, -1), ('time', 1, 1, -1), ('time', 1, 1, -1), ('time', 1, 1, -1), ('time', 1, 0, -1)] binaries=[] datas=[]>
_strptime: None -> <Module _strptime /usr/lib/python2.7/_strptime.pyc imports=[('time', 0, 0, -1), ('locale', 0, 0, -1), ('calendar', 0, 0, -1), ('re', 0, 0, -1), ('re.compile', 0, 0, -1), ('re', 0, 0, -1), ('re.IGNORECASE', 0, 0, -1), ('re', 0, 0, -1), ('re.escape', 0, 0, -1), ('datetime', 0, 0, -1), ('datetime.date', 0, 0, -1), ('thread', 0, 0, -1), ('thread.allocate_lock', 0, 0, -1), ('dummy_thread', 0, 0, -1), ('dummy_thread.allocate_lock', 0, 0, -1)] binaries=[] datas=[]>
locale: None -> <Module locale /usr/lib/python2.7/locale.pyc imports=[('sys', 0, 0, -1), ('encodings', 0, 0, -1), ('encodings.aliases', 0, 0, -1), ('re', 0, 0, -1), ('operator', 0, 0, -1), ('functools', 0, 0, -1), ('_locale', 0, 0, -1), ('_locale.*', 0, 0, -1), ('_locale', 1, 0, -1), ('os', 1, 0, -1), ('_locale', 1, 0, -1)] binaries=[] datas=[]>
calendar: None -> <Module calendar /usr/lib/python2.7/calendar.pyc imports=[('sys', 0, 0, -1), ('datetime', 0, 0, -1), ('locale', 0, 0, -1), ('optparse', 1, 0, -1)] binaries=[] datas=[]>
datetime: None -> <Module datetime /usr/lib/python2.7/lib-dynload/datetime.so imports=[] binaries=[] datas=[]>
dummy_thread: None -> <Module dummy_thread /usr/lib/python2.7/dummy_thread.pyc imports=[('traceback', 0, 0, -1)] binaries=[] datas=[]>
encodings: None -> <Module encodings /usr/lib/python2.7/encodings/__init__.pyc imports=[('codecs', 0, 0, -1), ('encodings', 0, 0, -1), ('encodings.aliases', 0, 0, -1), ('__builtin__', 0, 0, -1)] binaries=[] datas=[]>
encodings.aliases: None -> <Module encodings.aliases /usr/lib/python2.7/encodings/aliases.pyc imports=[] binaries=[] datas=[]>
operator: None -> <Module operator None imports=[] binaries=[] datas=[]>
functools: None -> <Module functools /usr/lib/python2.7/functools.pyc imports=[('_functools', 0, 0, -1), ('_functools.partial', 0, 0, -1), ('_functools.reduce', 0, 0, -1)] binaries=[] datas=[]>
_locale: None -> <Module _locale None imports=[] binaries=[] datas=[]>
encodings.codecs: None -> None
codecs: None -> <Module codecs /usr/lib/python2.7/codecs.pyc imports=[('__builtin__', 0, 0, -1), ('sys', 0, 0, -1), ('_codecs', 0, 0, -1), ('_codecs.*', 0, 0, -1), ('encodings', 0, 1, -1)] binaries=[] datas=[]>
encodings.encodings: None -> None
encodings.__builtin__: None -> None
encodings.iso2022_kr: None -> <Module encodings.iso2022_kr /usr/lib/python2.7/encodings/iso2022_kr.pyc imports=[('_codecs_iso2022', 0, 0, -1), ('codecs', 0, 0, -1), ('_multibytecodec', 0, 0, -1)] binaries=[] datas=[]>
encodings.cp869: None -> <Module encodings.cp869 /usr/lib/python2.7/encodings/cp869.pyc imports=[('codecs', 0, 0, -1)] binaries=[] datas=[]>
encodings.unicode_internal: None -> <Module encodings.unicode_internal /usr/lib/python2.7/encodings/unicode_internal.pyc imports=[('codecs', 0, 0, -1)] binaries=[] datas=[]>
encodings.cp437: None -> <Module encodings.cp437 /usr/lib/python2.7/encodings/cp437.pyc imports=[('codecs', 0, 0, -1)] binaries=[] datas=[]>
encodings.iso8859_5: None -> <Module encodings.iso8859_5 /usr/lib/python2.7/encodings/iso8859_5.pyc imports=[('codecs', 0, 0, -1)] binaries=[] datas=[]>
encodings.uu_codec: None -> <Module encodings.uu_codec /usr/lib/python2.7/encodings/uu_codec.pyc imports=[('codecs', 0, 0, -1), ('binascii', 0, 0, -1), ('cStringIO', 1, 0, -1), ('cStringIO.StringIO', 1, 0, -1), ('binascii', 1, 0, -1), ('binascii.b2a_uu', 1, 0, -1), ('cStringIO', 1, 0, -1), ('cStringIO.StringIO', 1, 0, -1), ('binascii', 1, 0, -1), ('binascii.a2b_uu', 1, 0, -1)] binaries=[] datas=[]>
encodings.cp1257: None -> <Module encodings.cp1257 /usr/lib/python2.7/encodings/cp1257.pyc imports=[('codecs', 0, 0, -1)] binaries=[] datas=[]>
encodings.iso2022_jp_2004: None -> <Module encodings.iso2022_jp_2004 /usr/lib/python2.7/encodings/iso2022_jp_2004.pyc imports=[('_codecs_iso2022', 0, 0, -1), ('codecs', 0, 0, -1), ('_multibytecodec', 0, 0, -1)] binaries=[] datas=[]>
encodings.cp1026: None -> <Module encodings.cp1026 /usr/lib/python2.7/encodings/cp1026.pyc imports=[('codecs', 0, 0, -1)] binaries=[] datas=[]>
encodings.mac_centeuro: None -> <Module encodings.mac_centeuro /usr/lib/python2.7/encodings/mac_centeuro.pyc imports=[('codecs', 0, 0, -1)] binaries=[] datas=[]>
encodings.cp720: None -> <Module encodings.cp720 /usr/lib/python2.7/encodings/cp720.pyc imports=[('codecs', 0, 0, -1)] binaries=[] datas=[]>
encodings.mac_cyrillic: None -> <Module encodings.mac_cyrillic /usr/lib/python2.7/encodings/mac_cyrillic.pyc imports=[('codecs', 0, 0, -1)] binaries=[] datas=[]>
encodings.shift_jis: None -> <Module encodings.shift_jis /usr/lib/python2.7/encodings/shift_jis.pyc imports=[('_codecs_jp', 0, 0, -1), ('codecs', 0, 0, -1), ('_multibytecodec', 0, 0, -1)] binaries=[] datas=[]>
encodings.cp1256: None -> <Module encodings.cp1256 /usr/lib/python2.7/encodings/cp1256.pyc imports=[('codecs', 0, 0, -1)] binaries=[] datas=[]>
encodings.hp_roman8: None -> <Module encodings.hp_roman8 /usr/lib/python2.7/encodings/hp_roman8.pyc imports=[('codecs', 0, 0, -1)] binaries=[] datas=[]>
encodings.cp1251: None -> <Module encodings.cp1251 /usr/lib/python2.7/encodings/cp1251.pyc imports=[('codecs', 0, 0, -1)] binaries=[] datas=[]>
encodings.big5: None -> <Module encodings.big5 /usr/lib/python2.7/encodings/big5.pyc imports=[('_codecs_tw', 0, 0, -1), ('codecs', 0, 0, -1), ('_multibytecodec', 0, 0, -1)] binaries=[] datas=[]>
encodings.iso8859_15: None -> <Module encodings.iso8859_15 /usr/lib/python2.7/encodings/iso8859_15.pyc imports=[('codecs', 0, 0, -1)] binaries=[] datas=[]>
encodings.cp875: None -> <Module encodings.cp875 /usr/lib/python2.7/encodings/cp875.pyc imports=[('codecs', 0, 0, -1)] binaries=[] datas=[]>
encodings.iso8859_14: None -> <Module encodings.iso8859_14 /usr/lib/python2.7/encodings/iso8859_14.pyc imports=[('codecs', 0, 0, -1)] binaries=[] datas=[]>
encodings.cp424: None -> <Module encodings.cp424 /usr/lib/python2.7/encodings/cp424.pyc imports=[('codecs', 0, 0, -1)] binaries=[] datas=[]>
encodings.quopri_codec: None -> <Module encodings.quopri_codec /usr/lib/python2.7/encodings/quopri_codec.pyc imports=[('codecs', 0, 0, -1), ('quopri', 0, 0, -1), ('cStringIO', 0, 0, -1), ('cStringIO.StringIO', 0, 0, -1), ('StringIO', 0, 1, -1), ('StringIO.StringIO', 0, 1, -1)] binaries=[] datas=[]>
encodings.cp932: None -> <Module encodings.cp932 /usr/lib/python2.7/encodings/cp932.pyc imports=[('_codecs_jp', 0, 0, -1), ('codecs', 0, 0, -1), ('_multibytecodec', 0, 0, -1)] binaries=[] datas=[]>
encodings.euc_jp: None -> <Module encodings.euc_jp /usr/lib/python2.7/encodings/euc_jp.pyc imports=[('_codecs_jp', 0, 0, -1), ('codecs', 0, 0, -1), ('_multibytecodec', 0, 0, -1)] binaries=[] datas=[]>
encodings.rot_13: None -> <Module encodings.rot_13 /usr/lib/python2.7/encodings/rot_13.pyc imports=[('codecs', 0, 0, -1), ('sys', 0, 1, -1)] binaries=[] datas=[]>
encodings.utf_16: None -> <Module encodings.utf_16 /usr/lib/python2.7/encodings/utf_16.pyc imports=[('codecs', 0, 0, -1), ('sys', 0, 0, -1)] binaries=[] datas=[]>
encodings.unicode_escape: None -> <Module encodings.unicode_escape /usr/lib/python2.7/encodings/unicode_escape.pyc imports=[('codecs', 0, 0, -1)] binaries=[] datas=[]>
encodings.iso8859_3: None -> <Module encodings.iso8859_3 /usr/lib/python2.7/encodings/iso8859_3.pyc imports=[('codecs', 0, 0, -1)] binaries=[] datas=[]>
encodings.iso2022_jp: None -> <Module encodings.iso2022_jp /usr/lib/python2.7/encodings/iso2022_jp.pyc imports=[('_codecs_iso2022', 0, 0, -1), ('codecs', 0, 0, -1), ('_multibytecodec', 0, 0, -1)] binaries=[] datas=[]>
encodings.cp1254: None -> <Module encodings.cp1254 /usr/lib/python2.7/encodings/cp1254.pyc imports=[('codecs', 0, 0, -1)] binaries=[] datas=[]>
encodings.gb2312: None -> <Module encodings.gb2312 /usr/lib/python2.7/encodings/gb2312.pyc imports=[('_codecs_cn', 0, 0, -1), ('codecs', 0, 0, -1), ('_multibytecodec', 0, 0, -1)] binaries=[] datas=[]>
encodings.cp500: None -> <Module encodings.cp500 /usr/lib/python2.7/encodings/cp500.pyc imports=[('codecs', 0, 0, -1)] binaries=[] datas=[]>
encodings.utf_32_be: None -> <Module encodings.utf_32_be /usr/lib/python2.7/encodings/utf_32_be.pyc imports=[('codecs', 0, 0, -1)] binaries=[] datas=[]>
encodings.mac_iceland: None -> <Module encodings.mac_iceland /usr/lib/python2.7/encodings/mac_iceland.pyc imports=[('codecs', 0, 0, -1)] binaries=[] datas=[]>
encodings.latin_1: None -> <Module encodings.latin_1 /usr/lib/python2.7/encodings/latin_1.pyc imports=[('codecs', 0, 0, -1)] binaries=[] datas=[]>
encodings.iso8859_4: None -> <Module encodings.iso8859_4 /usr/lib/python2.7/encodings/iso8859_4.pyc imports=[('codecs', 0, 0, -1)] binaries=[] datas=[]>
encodings.utf_16_be: None -> <Module encodings.utf_16_be /usr/lib/python2.7/encodings/utf_16_be.pyc imports=[('codecs', 0, 0, -1)] binaries=[] datas=[]>
encodings.cp1253: None -> <Module encodings.cp1253 /usr/lib/python2.7/encodings/cp1253.pyc imports=[('codecs', 0, 0, -1)] binaries=[] datas=[]>
encodings.cp855: None -> <Module encodings.cp855 /usr/lib/python2.7/encodings/cp855.pyc imports=[('codecs', 0, 0, -1)] binaries=[] datas=[]>
encodings.mac_latin2: None -> <Module encodings.mac_latin2 /usr/lib/python2.7/encodings/mac_latin2.pyc imports=[('codecs', 0, 0, -1)] binaries=[] datas=[]>
encodings.cp852: None -> <Module encodings.cp852 /usr/lib/python2.7/encodings/cp852.pyc imports=[('codecs', 0, 0, -1)] binaries=[] datas=[]>
encodings.cp866: None -> <Module encodings.cp866 /usr/lib/python2.7/encodings/cp866.pyc imports=[('codecs', 0, 0, -1)] binaries=[] datas=[]>
encodings.mac_turkish: None -> <Module encodings.mac_turkish /usr/lib/python2.7/encodings/mac_turkish.pyc imports=[('codecs', 0, 0, -1)] binaries=[] datas=[]>
encodings.cp1255: None -> <Module encodings.cp1255 /usr/lib/python2.7/encodings/cp1255.pyc imports=[('codecs', 0, 0, -1)] binaries=[] datas=[]>
encodings.utf_32: None -> <Module encodings.utf_32 /usr/lib/python2.7/encodings/utf_32.pyc imports=[('codecs', 0, 0, -1), ('sys', 0, 0, -1)] binaries=[] datas=[]>
encodings.euc_kr: None -> <Module encodings.euc_kr /usr/lib/python2.7/encodings/euc_kr.pyc imports=[('_codecs_kr', 0, 0, -1), ('codecs', 0, 0, -1), ('_multibytecodec', 0, 0, -1)] binaries=[] datas=[]>
encodings.iso2022_jp_1: None -> <Module encodings.iso2022_jp_1 /usr/lib/python2.7/encodings/iso2022_jp_1.pyc imports=[('_codecs_iso2022', 0, 0, -1), ('codecs', 0, 0, -1), ('_multibytecodec', 0, 0, -1)] binaries=[] datas=[]>
encodings.utf_32_le: None -> <Module encodings.utf_32_le /usr/lib/python2.7/encodings/utf_32_le.pyc imports=[('codecs', 0, 0, -1)] binaries=[] datas=[]>
encodings.base64_codec: None -> <Module encodings.base64_codec /usr/lib/python2.7/encodings/base64_codec.pyc imports=[('codecs', 0, 0, -1), ('base64', 0, 0, -1)] binaries=[] datas=[]>
encodings.hz: None -> <Module encodings.hz /usr/lib/python2.7/encodings/hz.pyc imports=[('_codecs_cn', 0, 0, -1), ('codecs', 0, 0, -1), ('_multibytecodec', 0, 0, -1)] binaries=[] datas=[]>
encodings.cp856: None -> <Module encodings.cp856 /usr/lib/python2.7/encodings/cp856.pyc imports=[('codecs', 0, 0, -1)] binaries=[] datas=[]>
encodings.idna: None -> <Module encodings.idna /usr/lib/python2.7/encodings/idna.pyc imports=[('stringprep', 0, 0, -1), ('re', 0, 0, -1), ('codecs', 0, 0, -1), ('unicodedata', 0, 0, -1), ('unicodedata.ucd_3_2_0', 0, 0, -1)] binaries=[] datas=[]>
encodings.raw_unicode_escape: None -> <Module encodings.raw_unicode_escape /usr/lib/python2.7/encodings/raw_unicode_escape.pyc imports=[('codecs', 0, 0, -1)] binaries=[] datas=[]>
encodings.mbcs: None -> <Module encodings.mbcs /usr/lib/python2.7/encodings/mbcs.pyc imports=[('codecs', 0, 0, -1), ('codecs.mbcs_encode', 0, 0, -1), ('codecs.mbcs_decode', 0, 0, -1), ('codecs', 0, 0, -1)] binaries=[] datas=[]>
encodings.mac_farsi: None -> <Module encodings.mac_farsi /usr/lib/python2.7/encodings/mac_farsi.pyc imports=[('codecs', 0, 0, -1)] binaries=[] datas=[]>
encodings.mac_romanian: None -> <Module encodings.mac_romanian /usr/lib/python2.7/encodings/mac_romanian.pyc imports=[('codecs', 0, 0, -1)] binaries=[] datas=[]>
encodings.cp862: None -> <Module encodings.cp862 /usr/lib/python2.7/encodings/cp862.pyc imports=[('codecs', 0, 0, -1)] binaries=[] datas=[]>
encodings.cp864: None -> <Module encodings.cp864 /usr/lib/python2.7/encodings/cp864.pyc imports=[('codecs', 0, 0, -1)] binaries=[] datas=[]>
encodings.iso8859_10: None -> <Module encodings.iso8859_10 /usr/lib/python2.7/encodings/iso8859_10.pyc imports=[('codecs', 0, 0, -1)] binaries=[] datas=[]>
encodings.mac_arabic: None -> <Module encodings.mac_arabic /usr/lib/python2.7/encodings/mac_arabic.pyc imports=[('codecs', 0, 0, -1)] binaries=[] datas=[]>
encodings.cp861: None -> <Module encodings.cp861 /usr/lib/python2.7/encodings/cp861.pyc imports=[('codecs', 0, 0, -1)] binaries=[] datas=[]>
encodings.cp949: None -> <Module encodings.cp949 /usr/lib/python2.7/encodings/cp949.pyc imports=[('_codecs_kr', 0, 0, -1), ('codecs', 0, 0, -1), ('_multibytecodec', 0, 0, -1)] binaries=[] datas=[]>
encodings.iso8859_11: None -> <Module encodings.iso8859_11 /usr/lib/python2.7/encodings/iso8859_11.pyc imports=[('codecs', 0, 0, -1)] binaries=[] datas=[]>
encodings.johab: None -> <Module encodings.johab /usr/lib/python2.7/encodings/johab.pyc imports=[('_codecs_kr', 0, 0, -1), ('codecs', 0, 0, -1), ('_multibytecodec', 0, 0, -1)] binaries=[] datas=[]>
encodings.gb18030: None -> <Module encodings.gb18030 /usr/lib/python2.7/encodings/gb18030.pyc imports=[('_codecs_cn', 0, 0, -1), ('codecs', 0, 0, -1), ('_multibytecodec', 0, 0, -1)] binaries=[] datas=[]>
encodings.utf_8: None -> <Module encodings.utf_8 /usr/lib/python2.7/encodings/utf_8.pyc imports=[('codecs', 0, 0, -1)] binaries=[] datas=[]>
encodings.cp950: None -> <Module encodings.cp950 /usr/lib/python2.7/encodings/cp950.pyc imports=[('_codecs_tw', 0, 0, -1), ('codecs', 0, 0, -1), ('_multibytecodec', 0, 0, -1)] binaries=[] datas=[]>
encodings.tis_620: None -> <Module encodings.tis_620 /usr/lib/python2.7/encodings/tis_620.pyc imports=[('codecs', 0, 0, -1)] binaries=[] datas=[]>
encodings.iso8859_6: None -> <Module encodings.iso8859_6 /usr/lib/python2.7/encodings/iso8859_6.pyc imports=[('codecs', 0, 0, -1)] binaries=[] datas=[]>
encodings.cp860: None -> <Module encodings.cp860 /usr/lib/python2.7/encodings/cp860.pyc imports=[('codecs', 0, 0, -1)] binaries=[] datas=[]>
encodings.shift_jisx0213: None -> <Module encodings.shift_jisx0213 /usr/lib/python2.7/encodings/shift_jisx0213.pyc imports=[('_codecs_jp', 0, 0, -1), ('codecs', 0, 0, -1), ('_multibytecodec', 0, 0, -1)] binaries=[] datas=[]>
encodings.cp850: None -> <Module encodings.cp850 /usr/lib/python2.7/encodings/cp850.pyc imports=[('codecs', 0, 0, -1)] binaries=[] datas=[]>
encodings.utf_7: None -> <Module encodings.utf_7 /usr/lib/python2.7/encodings/utf_7.pyc imports=[('codecs', 0, 0, -1)] binaries=[] datas=[]>
encodings.iso8859_7: None -> <Module encodings.iso8859_7 /usr/lib/python2.7/encodings/iso8859_7.pyc imports=[('codecs', 0, 0, -1)] binaries=[] datas=[]>
encodings.mac_croatian: None -> <Module encodings.mac_croatian /usr/lib/python2.7/encodings/mac_croatian.pyc imports=[('codecs', 0, 0, -1)] binaries=[] datas=[]>
encodings.undefined: None -> <Module encodings.undefined /usr/lib/python2.7/encodings/undefined.pyc imports=[('codecs', 0, 0, -1)] binaries=[] datas=[]>
encodings.cp865: None -> <Module encodings.cp865 /usr/lib/python2.7/encodings/cp865.pyc imports=[('codecs', 0, 0, -1)] binaries=[] datas=[]>
encodings.gbk: None -> <Module encodings.gbk /usr/lib/python2.7/encodings/gbk.pyc imports=[('_codecs_cn', 0, 0, -1), ('codecs', 0, 0, -1), ('_multibytecodec', 0, 0, -1)] binaries=[] datas=[]>
encodings.palmos: None -> <Module encodings.palmos /usr/lib/python2.7/encodings/palmos.pyc imports=[('codecs', 0, 0, -1)] binaries=[] datas=[]>
encodings.cp737: None -> <Module encodings.cp737 /usr/lib/python2.7/encodings/cp737.pyc imports=[('codecs', 0, 0, -1)] binaries=[] datas=[]>
encodings.charmap: None -> <Module encodings.charmap /usr/lib/python2.7/encodings/charmap.pyc imports=[('codecs', 0, 0, -1)] binaries=[] datas=[]>
encodings.cp863: None -> <Module encodings.cp863 /usr/lib/python2.7/encodings/cp863.pyc imports=[('codecs', 0, 0, -1)] binaries=[] datas=[]>
encodings.iso8859_9: None -> <Module encodings.iso8859_9 /usr/lib/python2.7/encodings/iso8859_9.pyc imports=[('codecs', 0, 0, -1)] binaries=[] datas=[]>
encodings.mac_greek: None -> <Module encodings.mac_greek /usr/lib/python2.7/encodings/mac_greek.pyc imports=[('codecs', 0, 0, -1)] binaries=[] datas=[]>
encodings.zlib_codec: None -> <Module encodings.zlib_codec /usr/lib/python2.7/encodings/zlib_codec.pyc imports=[('codecs', 0, 0, -1), ('zlib', 0, 0, -1)] binaries=[] datas=[]>
encodings.cp1250: None -> <Module encodings.cp1250 /usr/lib/python2.7/encodings/cp1250.pyc imports=[('codecs', 0, 0, -1)] binaries=[] datas=[]>
encodings.euc_jisx0213: None -> <Module encodings.euc_jisx0213 /usr/lib/python2.7/encodings/euc_jisx0213.pyc imports=[('_codecs_jp', 0, 0, -1), ('codecs', 0, 0, -1), ('_multibytecodec', 0, 0, -1)] binaries=[] datas=[]>
encodings.iso2022_jp_ext: None -> <Module encodings.iso2022_jp_ext /usr/lib/python2.7/encodings/iso2022_jp_ext.pyc imports=[('_codecs_iso2022', 0, 0, -1), ('codecs', 0, 0, -1), ('_multibytecodec', 0, 0, -1)] binaries=[] datas=[]>
encodings.cp858: None -> <Module encodings.cp858 /usr/lib/python2.7/encodings/cp858.pyc imports=[('codecs', 0, 0, -1)] binaries=[] datas=[]>
encodings.big5hkscs: None -> <Module encodings.big5hkscs /usr/lib/python2.7/encodings/big5hkscs.pyc imports=[('_codecs_hk', 0, 0, -1), ('codecs', 0, 0, -1), ('_multibytecodec', 0, 0, -1)] binaries=[] datas=[]>
encodings.cp775: None -> <Module encodings.cp775 /usr/lib/python2.7/encodings/cp775.pyc imports=[('codecs', 0, 0, -1)] binaries=[] datas=[]>
encodings.hex_codec: None -> <Module encodings.hex_codec /usr/lib/python2.7/encodings/hex_codec.pyc imports=[('codecs', 0, 0, -1), ('binascii', 0, 0, -1)] binaries=[] datas=[]>
encodings.iso8859_1: None -> <Module encodings.iso8859_1 /usr/lib/python2.7/encodings/iso8859_1.pyc imports=[('codecs', 0, 0, -1)] binaries=[] datas=[]>
encodings.cp1258: None -> <Module encodings.cp1258 /usr/lib/python2.7/encodings/cp1258.pyc imports=[('codecs', 0, 0, -1)] binaries=[] datas=[]>
encodings.iso2022_jp_2: None -> <Module encodings.iso2022_jp_2 /usr/lib/python2.7/encodings/iso2022_jp_2.pyc imports=[('_codecs_iso2022', 0, 0, -1), ('codecs', 0, 0, -1), ('_multibytecodec', 0, 0, -1)] binaries=[] datas=[]>
encodings.iso8859_13: None -> <Module encodings.iso8859_13 /usr/lib/python2.7/encodings/iso8859_13.pyc imports=[('codecs', 0, 0, -1)] binaries=[] datas=[]>
encodings.bz2_codec: None -> <Module encodings.bz2_codec /usr/lib/python2.7/encodings/bz2_codec.pyc imports=[('codecs', 0, 0, -1), ('bz2', 0, 0, -1)] binaries=[] datas=[]>
encodings.mac_roman: None -> <Module encodings.mac_roman /usr/lib/python2.7/encodings/mac_roman.pyc imports=[('codecs', 0, 0, -1)] binaries=[] datas=[]>
encodings.koi8_r: None -> <Module encodings.koi8_r /usr/lib/python2.7/encodings/koi8_r.pyc imports=[('codecs', 0, 0, -1)] binaries=[] datas=[]>
encodings.shift_jis_2004: None -> <Module encodings.shift_jis_2004 /usr/lib/python2.7/encodings/shift_jis_2004.pyc imports=[('_codecs_jp', 0, 0, -1), ('codecs', 0, 0, -1), ('_multibytecodec', 0, 0, -1)] binaries=[] datas=[]>
encodings.cp1252: None -> <Module encodings.cp1252 /usr/lib/python2.7/encodings/cp1252.pyc imports=[('codecs', 0, 0, -1)] binaries=[] datas=[]>
encodings.iso2022_jp_3: None -> <Module encodings.iso2022_jp_3 /usr/lib/python2.7/encodings/iso2022_jp_3.pyc imports=[('_codecs_iso2022', 0, 0, -1), ('codecs', 0, 0, -1), ('_multibytecodec', 0, 0, -1)] binaries=[] datas=[]>
encodings.ascii: None -> <Module encodings.ascii /usr/lib/python2.7/encodings/ascii.pyc imports=[('codecs', 0, 0, -1)] binaries=[] datas=[]>
encodings.iso8859_8: None -> <Module encodings.iso8859_8 /usr/lib/python2.7/encodings/iso8859_8.pyc imports=[('codecs', 0, 0, -1)] binaries=[] datas=[]>
encodings.utf_8_sig: None -> <Module encodings.utf_8_sig /usr/lib/python2.7/encodings/utf_8_sig.pyc imports=[('codecs', 0, 0, -1)] binaries=[] datas=[]>
encodings.string_escape: None -> <Module encodings.string_escape /usr/lib/python2.7/encodings/string_escape.pyc imports=[('codecs', 0, 0, -1)] binaries=[] datas=[]>
encodings.koi8_u: None -> <Module encodings.koi8_u /usr/lib/python2.7/encodings/koi8_u.pyc imports=[('codecs', 0, 0, -1)] binaries=[] datas=[]>
encodings.cp037: None -> <Module encodings.cp037 /usr/lib/python2.7/encodings/cp037.pyc imports=[('codecs', 0, 0, -1)] binaries=[] datas=[]>
encodings.cp874: None -> <Module encodings.cp874 /usr/lib/python2.7/encodings/cp874.pyc imports=[('codecs', 0, 0, -1)] binaries=[] datas=[]>
encodings.cp1140: None -> <Module encodings.cp1140 /usr/lib/python2.7/encodings/cp1140.pyc imports=[('codecs', 0, 0, -1)] binaries=[] datas=[]>
encodings.cp1006: None -> <Module encodings.cp1006 /usr/lib/python2.7/encodings/cp1006.pyc imports=[('codecs', 0, 0, -1)] binaries=[] datas=[]>
encodings.ptcp154: None -> <Module encodings.ptcp154 /usr/lib/python2.7/encodings/ptcp154.pyc imports=[('codecs', 0, 0, -1)] binaries=[] datas=[]>
encodings.utf_16_le: None -> <Module encodings.utf_16_le /usr/lib/python2.7/encodings/utf_16_le.pyc imports=[('codecs', 0, 0, -1)] binaries=[] datas=[]>
encodings.punycode: None -> <Module encodings.punycode /usr/lib/python2.7/encodings/punycode.pyc imports=[('codecs', 0, 0, -1)] binaries=[] datas=[]>
encodings.iso8859_16: None -> <Module encodings.iso8859_16 /usr/lib/python2.7/encodings/iso8859_16.pyc imports=[('codecs', 0, 0, -1)] binaries=[] datas=[]>
encodings.iso8859_2: None -> <Module encodings.iso8859_2 /usr/lib/python2.7/encodings/iso8859_2.pyc imports=[('codecs', 0, 0, -1)] binaries=[] datas=[]>
encodings.euc_jis_2004: None -> <Module encodings.euc_jis_2004 /usr/lib/python2.7/encodings/euc_jis_2004.pyc imports=[('_codecs_jp', 0, 0, -1), ('codecs', 0, 0, -1), ('_multibytecodec', 0, 0, -1)] binaries=[] datas=[]>
encodings.cp857: None -> <Module encodings.cp857 /usr/lib/python2.7/encodings/cp857.pyc imports=[('codecs', 0, 0, -1)] binaries=[] datas=[]>
_codecs: None -> <Module _codecs None imports=[] binaries=[] datas=[]>
encodings._codecs_iso2022: None -> None
_codecs_iso2022: None -> <Module _codecs_iso2022 /usr/lib/python2.7/lib-dynload/_codecs_iso2022.so imports=[] binaries=[] datas=[]>
encodings._multibytecodec: None -> None
_multibytecodec: None -> <Module _multibytecodec /usr/lib/python2.7/lib-dynload/_multibytecodec.so imports=[] binaries=[] datas=[]>
encodings.binascii: None -> None
binascii: None -> <Module binascii None imports=[] binaries=[] datas=[]>
encodings.cStringIO: None -> None
cStringIO: None -> <Module cStringIO None imports=[] binaries=[] datas=[]>
encodings._codecs_jp: None -> None
_codecs_jp: None -> <Module _codecs_jp /usr/lib/python2.7/lib-dynload/_codecs_jp.so imports=[] binaries=[] datas=[]>
encodings._codecs_tw: None -> None
_codecs_tw: None -> <Module _codecs_tw /usr/lib/python2.7/lib-dynload/_codecs_tw.so imports=[] binaries=[] datas=[]>
encodings.quopri: None -> None
quopri: None -> <Module quopri /usr/lib/python2.7/quopri.pyc imports=[('binascii', 0, 0, -1), ('binascii.a2b_qp', 0, 0, -1), ('binascii.b2a_qp', 0, 0, -1), ('cStringIO', 1, 0, -1), ('cStringIO.StringIO', 1, 0, -1), ('cStringIO', 1, 0, -1), ('cStringIO.StringIO', 1, 0, -1), ('sys', 1, 0, -1), ('getopt', 1, 0, -1)] binaries=[] datas=[]>
encodings.StringIO: None -> None
StringIO: None -> <Module StringIO /usr/lib/python2.7/StringIO.pyc imports=[('errno', 0, 0, -1), ('errno.EINVAL', 0, 0, -1), ('sys', 1, 0, -1)] binaries=[] datas=[]>
getopt: None -> <Module getopt /usr/lib/python2.7/getopt.pyc imports=[('os', 0, 0, -1), ('sys', 0, 1, -1)] binaries=[] datas=[]>
encodings.sys: None -> None
encodings._codecs_cn: None -> None
_codecs_cn: None -> <Module _codecs_cn /usr/lib/python2.7/lib-dynload/_codecs_cn.so imports=[] binaries=[] datas=[]>
encodings._codecs_kr: None -> None
_codecs_kr: None -> <Module _codecs_kr /usr/lib/python2.7/lib-dynload/_codecs_kr.so imports=[] binaries=[] datas=[]>
encodings.base64: None -> None
base64: None -> <Module base64 /usr/lib/python2.7/base64.pyc imports=[('re', 0, 0, -1), ('struct', 0, 0, -1), ('binascii', 0, 0, -1), ('sys', 1, 0, -1), ('getopt', 1, 0, -1)] binaries=[] datas=[]>
encodings.stringprep: None -> None
stringprep: None -> <Module stringprep /usr/lib/python2.7/stringprep.pyc imports=[('unicodedata', 0, 0, -1), ('unicodedata.ucd_3_2_0', 0, 0, -1)] binaries=[] datas=[]>
encodings.re: None -> None
encodings.unicodedata: None -> None
unicodedata: None -> <Module unicodedata None imports=[] binaries=[] datas=[]>
encodings.zlib: None -> None
encodings._codecs_hk: None -> None
_codecs_hk: None -> <Module _codecs_hk /usr/lib/python2.7/lib-dynload/_codecs_hk.so imports=[] binaries=[] datas=[]>
encodings.bz2: None -> None
bz2: None -> <Module bz2 /usr/lib/python2.7/lib-dynload/bz2.so imports=[] binaries=[] datas=[]>
_functools: None -> <Module _functools None imports=[] binaries=[] datas=[]>
optparse: None -> <Module optparse /usr/lib/python2.7/optparse.pyc imports=[('sys', 0, 0, -1), ('os', 0, 0, -1), ('types', 0, 0, -1), ('textwrap', 0, 0, -1), ('gettext', 0, 0, -1), ('gettext.gettext', 0, 0, -1), ('__builtin__', 1, 1, -1)] binaries=[] datas=[]>
textwrap: None -> <Module textwrap /usr/lib/python2.7/textwrap.pyc imports=[('string', 0, 0, -1), ('re', 0, 0, -1)] binaries=[] datas=[]>
gettext: None -> <Module gettext /usr/lib/python2.7/gettext.pyc imports=[('locale', 0, 0, -1), ('copy', 0, 0, -1), ('os', 0, 0, -1), ('re', 0, 0, -1), ('struct', 0, 0, -1), ('sys', 0, 0, -1), ('errno', 0, 0, -1), ('errno.ENOENT', 0, 0, -1), ('cStringIO', 1, 0, -1), ('cStringIO.StringIO', 1, 0, -1), ('StringIO', 1, 1, -1), ('StringIO.StringIO', 1, 1, -1), ('token', 1, 0, -1), ('tokenize', 1, 0, -1), ('locale', 1, 0, -1), ('locale.normalize', 1, 0, -1), ('__builtin__', 1, 0, -1)] binaries=[] datas=[]>
token: None -> <Module token /usr/lib/python2.7/token.pyc imports=[('re', 1, 0, -1), ('sys', 1, 0, -1)] binaries=[] datas=[]>
tokenize: None -> <Module tokenize /usr/lib/python2.7/tokenize.pyc imports=[('string', 0, 0, -1), ('re', 0, 0, -1), ('token', 0, 0, -1), ('token.*', 0, 0, -1), ('token', 0, 0, -1), ('sys', 0, 1, -1)] binaries=[] datas=[]>
_collections: None -> <Module _collections None imports=[] binaries=[] datas=[]>
keyword: None -> <Module keyword /usr/lib/python2.7/keyword.pyc imports=[('sys', 1, 0, -1), ('re', 1, 0, -1)] binaries=[] datas=[]>
heapq: None -> <Module heapq /usr/lib/python2.7/heapq.pyc imports=[('itertools', 0, 0, -1), ('itertools.islice', 0, 0, -1), ('itertools.repeat', 0, 0, -1), ('itertools.count', 0, 0, -1), ('itertools.imap', 0, 0, -1), ('itertools.izip', 0, 0, -1), ('itertools.tee', 0, 0, -1), ('itertools.chain', 0, 0, -1), ('operator', 0, 0, -1), ('operator.itemgetter', 0, 0, -1), ('bisect', 0, 0, -1), ('_heapq', 0, 0, -1), ('_heapq.*', 0, 0, -1), ('doctest', 0, 1, -1)] binaries=[] datas=[]>
cPickle: None -> <Module cPickle None imports=[] binaries=[] datas=[]>
doctest: None -> <Module doctest /usr/lib/python2.7/doctest.pyc imports=[('__future__', 0, 0, -1), ('sys', 0, 0, -1), ('traceback', 0, 0, -1), ('inspect', 0, 0, -1), ('linecache', 0, 0, -1), ('os', 0, 0, -1), ('re', 0, 0, -1), ('unittest', 0, 0, -1), ('difflib', 0, 0, -1), ('pdb', 0, 0, -1), ('tempfile', 0, 0, -1), ('warnings', 0, 0, -1), ('StringIO', 0, 0, -1), ('StringIO.StringIO', 0, 0, -1), ('collections', 0, 0, -1), ('collections.namedtuple', 0, 0, -1), ('types', 1, 0, -1), ('types', 1, 0, -1), ('pdb', 1, 0, -1)] binaries=[] datas=[]>
bisect: None -> <Module bisect /usr/lib/python2.7/bisect.pyc imports=[('_bisect', 0, 0, -1), ('_bisect.*', 0, 0, -1)] binaries=[] datas=[]>
_heapq: None -> <Module _heapq /usr/lib/python2.7/lib-dynload/_heapq.so imports=[] binaries=[] datas=[]>
_bisect: None -> <Module _bisect None imports=[] binaries=[] datas=[]>
__future__: None -> <Module __future__ /usr/lib/python2.7/__future__.pyc imports=[] binaries=[] datas=[]>
inspect: None -> <Module inspect /usr/lib/python2.7/inspect.pyc imports=[('sys', 0, 0, -1), ('os', 0, 0, -1), ('types', 0, 0, -1), ('string', 0, 0, -1), ('re', 0, 0, -1), ('dis', 0, 0, -1), ('imp', 0, 0, -1), ('tokenize', 0, 0, -1), ('linecache', 0, 0, -1), ('operator', 0, 0, -1), ('operator.attrgetter', 0, 0, -1), ('collections', 0, 0, -1), ('collections.namedtuple', 0, 0, -1)] binaries=[] datas=[]>
unittest: None -> <Module unittest /usr/lib/python2.7/unittest/__init__.pyc imports=[('result', 0, 0, 1), ('result.TestResult', 0, 0, 1), ('case', 0, 0, 1), ('case.TestCase', 0, 0, 1), ('case.FunctionTestCase', 0, 0, 1), ('case.SkipTest', 0, 0, 1), ('case.skip', 0, 0, 1), ('case.skipIf', 0, 0, 1), ('case.skipUnless', 0, 0, 1), ('case.expectedFailure', 0, 0, 1), ('suite', 0, 0, 1), ('suite.BaseTestSuite', 0, 0, 1), ('suite.TestSuite', 0, 0, 1), ('loader', 0, 0, 1), ('loader.TestLoader', 0, 0, 1), ('loader.defaultTestLoader', 0, 0, 1), ('loader.makeSuite', 0, 0, 1), ('loader.getTestCaseNames', 0, 0, 1), ('loader.findTestCases', 0, 0, 1), ('main', 0, 0, 1), ('main.TestProgram', 0, 0, 1), ('main.main', 0, 0, 1), ('runner', 0, 0, 1), ('runner.TextTestRunner', 0, 0, 1), ('runner.TextTestResult', 0, 0, 1), ('signals', 0, 0, 1), ('signals.installHandler', 0, 0, 1), ('signals.registerResult', 0, 0, 1), ('signals.removeResult', 0, 0, 1), ('signals.removeHandler', 0, 0, 1)] binaries=[] datas=[]>
difflib: None -> <Module difflib /usr/lib/python2.7/difflib.pyc imports=[('heapq', 0, 0, -1), ('collections', 0, 0, -1), ('collections.namedtuple', 0, 0, -1), ('functools', 0, 0, -1), ('functools.reduce', 0, 0, -1), ('re', 0, 0, -1), ('re', 1, 0, -1), ('doctest', 1, 0, -1), ('difflib', 1, 0, -1)] binaries=[] datas=[]>
pdb: None -> <Module pdb /usr/lib/python2.7/pdb.pyc imports=[('sys', 0, 0, -1), ('linecache', 0, 0, -1), ('cmd', 0, 0, -1), ('bdb', 0, 0, -1), ('repr', 0, 0, -1), ('repr.Repr', 0, 0, -1), ('os', 0, 0, -1), ('re', 0, 0, -1), ('pprint', 0, 0, -1), ('traceback', 0, 0, -1), ('pdb', 0, 1, -1), ('readline', 1, 0, -1), ('shlex', 1, 1, -1), ('__main__', 1, 0, -1)] binaries=[] datas=[]>
tempfile: None -> <Module tempfile /usr/lib/python2.7/tempfile.pyc imports=[('os', 0, 0, -1), ('errno', 0, 0, -1), ('random', 0, 0, -1), ('random.Random', 0, 0, -1), ('cStringIO', 0, 0, -1), ('cStringIO.StringIO', 0, 0, -1), ('StringIO', 0, 1, -1), ('StringIO.StringIO', 0, 1, -1), ('fcntl', 0, 0, -1), ('thread', 0, 0, -1), ('dummy_thread', 0, 1, -1)] binaries=[] datas=[]>
dis: None -> <Module dis /usr/lib/python2.7/dis.pyc imports=[('sys', 0, 0, -1), ('types', 0, 0, -1), ('opcode', 0, 0, -1), ('opcode.*', 0, 0, -1), ('opcode', 0, 0, -1), ('opcode.__all__', 0, 0, -1)] binaries=[] datas=[]>
opcode: None -> <Module opcode /usr/lib/python2.7/opcode.pyc imports=[] binaries=[] datas=[]>
unittest.result: None -> <Module unittest.result /usr/lib/python2.7/unittest/result.pyc imports=[('os', 0, 0, -1), ('sys', 0, 0, -1), ('traceback', 0, 0, -1), ('StringIO', 0, 0, -1), ('StringIO.StringIO', 0, 0, -1), ('', 0, 0, 1), ('util', 0, 0, 1), ('functools', 0, 0, -1), ('functools.wraps', 0, 0, -1)] binaries=[] datas=[]>
unittest.case: None -> <Module unittest.case /usr/lib/python2.7/unittest/case.pyc imports=[('collections', 0, 0, -1), ('sys', 0, 0, -1), ('functools', 0, 0, -1), ('difflib', 0, 0, -1), ('pprint', 0, 0, -1), ('re', 0, 0, -1), ('warnings', 0, 0, -1), ('', 0, 0, 1), ('result', 0, 0, 1), ('util', 0, 0, 1), ('util.strclass', 0, 0, 1), ('util.safe_repr', 0, 0, 1), ('util.unorderable_list_difference', 0, 0, 1), ('util._count_diff_all_purpose', 0, 0, 1), ('util._count_diff_hashable', 0, 0, 1)] binaries=[] datas=[]>
unittest.suite: None -> <Module unittest.suite /usr/lib/python2.7/unittest/suite.pyc imports=[('sys', 0, 0, -1), ('', 0, 0, 1), ('case', 0, 0, 1), ('', 0, 0, 1), ('util', 0, 0, 1)] binaries=[] datas=[]>
unittest.loader: None -> <Module unittest.loader /usr/lib/python2.7/unittest/loader.pyc imports=[('os', 0, 0, -1), ('re', 0, 0, -1), ('sys', 0, 0, -1), ('traceback', 0, 0, -1), ('types', 0, 0, -1), ('functools', 0, 0, -1), ('functools.cmp_to_key', 0, 0, -1), ('fnmatch', 0, 0, -1), ('fnmatch.fnmatch', 0, 0, -1), ('', 0, 0, 1), ('case', 0, 0, 1), ('suite', 0, 0, 1)] binaries=[] datas=[]>
unittest.main: None -> <Module unittest.main /usr/lib/python2.7/unittest/main.pyc imports=[('sys', 0, 0, -1), ('os', 0, 0, -1), ('types', 0, 0, -1), ('', 0, 0, 1), ('loader', 0, 0, 1), ('runner', 0, 0, 1), ('signals', 0, 0, 1), ('signals.installHandler', 0, 0, 1), ('getopt', 1, 0, -1), ('optparse', 1, 0, -1)] binaries=[] datas=[]>
unittest.runner: None -> <Module unittest.runner /usr/lib/python2.7/unittest/runner.pyc imports=[('sys', 0, 0, -1), ('time', 0, 0, -1), ('', 0, 0, 1), ('result', 0, 0, 1), ('signals', 0, 0, 1), ('signals.registerResult', 0, 0, 1)] binaries=[] datas=[]>
unittest.signals: None -> <Module unittest.signals /usr/lib/python2.7/unittest/signals.pyc imports=[('signal', 0, 0, -1), ('weakref', 0, 0, -1), ('functools', 0, 0, -1), ('functools.wraps', 0, 0, -1)] binaries=[] datas=[]>
unittest.os: None -> None
unittest.sys: None -> None
unittest.traceback: None -> None
unittest.StringIO: None -> None
unittest.util: None -> <Module unittest.util /usr/lib/python2.7/unittest/util.pyc imports=[('collections', 0, 0, -1), ('collections.namedtuple', 0, 0, -1), ('collections.OrderedDict', 0, 0, -1)] binaries=[] datas=[]>
unittest.functools: None -> None
unittest.collections: None -> None
unittest.difflib: None -> None
unittest.pprint: None -> None
pprint: None -> <Module pprint /usr/lib/python2.7/pprint.pyc imports=[('sys', 0, 0, -1), ('warnings', 0, 0, -1), ('cStringIO', 0, 0, -1), ('cStringIO.StringIO', 0, 0, -1), ('time', 1, 0, -1)] binaries=[] datas=[]>
unittest.re: None -> None
unittest.warnings: None -> None
unittest.types: None -> None
unittest.fnmatch: None -> None
fnmatch: None -> <Module fnmatch /usr/lib/python2.7/fnmatch.pyc imports=[('re', 0, 0, -1), ('os', 1, 0, -1), ('os', 1, 0, -1), ('posixpath', 1, 0, -1)] binaries=[] datas=[]>
unittest.getopt: None -> None
unittest.optparse: None -> None
unittest.time: None -> None
unittest.signal: None -> None
unittest.weakref: None -> None
cmd: None -> <Module cmd /usr/lib/python2.7/cmd.pyc imports=[('string', 0, 0, -1), ('sys', 1, 0, -1), ('readline', 1, 1, -1), ('readline', 1, 1, -1), ('readline', 1, 1, -1)] binaries=[] datas=[]>
bdb: None -> <Module bdb /usr/lib/python2.7/bdb.pyc imports=[('fnmatch', 0, 0, -1), ('sys', 0, 0, -1), ('os', 0, 0, -1), ('types', 0, 0, -1), ('linecache', 1, 0, -1), ('linecache', 1, 0, -1), ('linecache', 1, 0, -1), ('repr', 1, 0, -1), ('__main__', 1, 1, -1), ('__main__', 1, 1, -1), ('linecache', 1, 0, -1)] binaries=[] datas=[]>
readline: None -> <Module readline /usr/lib/python2.7/lib-dynload/readline.so imports=[] binaries=[] datas=[]>
shlex: None -> <Module shlex /usr/lib/python2.7/shlex.pyc imports=[('os.path', 0, 0, -1), ('sys', 0, 0, -1), ('collections', 0, 0, -1), ('collections.deque', 0, 0, -1), ('cStringIO', 0, 0, -1), ('cStringIO.StringIO', 0, 0, -1), ('StringIO', 0, 1, -1), ('StringIO.StringIO', 0, 1, -1)] binaries=[] datas=[]>
math: None -> <Module math None imports=[] binaries=[] datas=[]>
hashlib: None -> <Module hashlib /usr/lib/python2.7/hashlib.pyc imports=[('_hashlib', 0, 0, -1), ('logging', 0, 1, -1), ('_sha', 1, 1, -1), ('_md5', 1, 1, -1), ('_sha256', 1, 1, -1), ('_sha512', 1, 1, -1)] binaries=[] datas=[]>
_random: None -> <Module _random None imports=[] binaries=[] datas=[]>
_hashlib: None -> <Module _hashlib None imports=[] binaries=[] datas=[]>
logging: None -> <Module logging /usr/lib/python2.7/logging/__init__.pyc imports=[('sys', 0, 0, -1), ('os', 0, 0, -1), ('time', 0, 0, -1), ('cStringIO', 0, 0, -1), ('traceback', 0, 0, -1), ('warnings', 0, 0, -1), ('weakref', 0, 0, -1), ('codecs', 0, 0, -1), ('thread', 0, 0, -1), ('threading', 0, 0, -1), ('atexit', 0, 0, -1)] binaries=[] datas=[]>
_sha: None -> None
  DEL _sha
_md5: None -> None
  DEL _md5
_sha256: None -> None
  DEL _sha256
_sha512: None -> None
  DEL _sha512
logging.sys: None -> None
logging.os: None -> None
logging.time: None -> None
logging.cStringIO: None -> None
logging.traceback: None -> None
logging.warnings: None -> None
logging.weakref: None -> None
logging.codecs: None -> None
logging.thread: None -> None
logging.threading: None -> None
logging.atexit: None -> None
atexit: None -> <Module atexit /usr/lib/python2.7/atexit.pyc imports=[('sys', 0, 0, -1), ('traceback', 1, 1, -1)] binaries=[] datas=[]>
org: None -> None
  DEL org
org: None -> None
  DEL org
__main__: <Module __main__ support/_mountzlib.py imports=[('archive', 0, 0, -1), ('iu', 0, 0, -1), ('sys', 0, 0, -1)] binaries=[] datas=[]> -> <Module __main__ support/useUnicode.py imports=[('encodings', 0, 0, -1)] binaries=[] datas=[]>
_emx_link: None -> None
  DEL _emx_link
_emx_link: None -> None
  DEL _emx_link
nt: None -> None
  DEL nt
nt: None -> None
  DEL nt
nt: None -> None
  DEL nt
nt: None -> None
  DEL nt
org: None -> None
  DEL org
org: None -> None
  DEL org
msvcrt: None -> None
  DEL msvcrt
_subprocess: None -> None
  DEL _subprocess
_subprocess: None -> None
  DEL _subprocess
_subprocess: None -> None
  DEL _subprocess
_subprocess: None -> None
  DEL _subprocess
_subprocess: None -> None
  DEL _subprocess
_subprocess: None -> None
  DEL _subprocess
_subprocess: None -> None
  DEL _subprocess
_subprocess: None -> None
  DEL _subprocess
_subprocess: None -> None
  DEL _subprocess
_subprocess: None -> None
  DEL _subprocess
_sha: None -> None
  DEL _sha
_md5: None -> None
  DEL _md5
_sha256: None -> None
  DEL _sha256
_sha512: None -> None
  DEL _sha512
org: None -> None
  DEL org
org: None -> None
  DEL org
__main__: <Module __main__ support/useUnicode.py imports=[('encodings', 0, 0, -1)] binaries=[] datas=[]> -> <Module __main__ ../cliente/sincronizadorCliente.py imports=[('sys', 0, 0, -1), ('time', 0, 0, -1), ('os', 0, 0, -1), ('sqlite3', 0, 0, -1), ('httplib', 0, 0, -1), ('platform', 0, 0, -1), ('logging', 0, 0, -1), ('urllib2', 0, 0, -1), ('config', 0, 0, -1), ('funciones', 0, 0, -1), ('servidores', 0, 0, -1)] binaries=[] datas=[]>
sqlite3: None -> <Module sqlite3 /usr/lib/python2.7/sqlite3/__init__.pyc imports=[('dbapi2', 0, 0, -1), ('dbapi2.*', 0, 0, -1)] binaries=[] datas=[]>
httplib: None -> <Module httplib /usr/lib/python2.7/httplib.pyc imports=[('array', 0, 0, -1), ('array.array', 0, 0, -1), ('os', 0, 0, -1), ('socket', 0, 0, -1), ('sys', 0, 0, -1), ('sys.py3kwarning', 0, 0, -1), ('urlparse', 0, 0, -1), ('urlparse.urlsplit', 0, 0, -1), ('warnings', 0, 0, -1), ('mimetools', 0, 0, -1), ('cStringIO', 0, 0, -1), ('cStringIO.StringIO', 0, 0, -1), ('StringIO', 0, 1, -1), ('StringIO.StringIO', 0, 1, -1), ('ssl', 0, 0, -1)] binaries=[] datas=[]>
platform: None -> <Module platform /usr/lib/python2.7/platform.pyc imports=[('sys', 0, 0, -1), ('string', 0, 0, -1), ('os', 0, 0, -1), ('re', 0, 0, -1), ('tempfile', 1, 0, -1), ('win32pipe', 1, 1, -1), ('win32api', 1, 0, -1), ('win32api.RegQueryValueEx', 1, 0, -1), ('_winreg', 1, 1, -1), ('win32api', 1, 0, -1), ('win32api', 1, 0, -1), ('win32api.RegQueryValueEx', 1, 0, -1), ('win32api.RegOpenKeyEx', 1, 0, -1), ('win32api.RegCloseKey', 1, 0, -1), ('win32api.GetVersionEx', 1, 0, -1), ('win32con', 1, 0, -1), ('win32con.HKEY_LOCAL_MACHINE', 1, 0, -1), ('win32con.VER_PLATFORM_WIN32_NT', 1, 0, -1), ('win32con.VER_PLATFORM_WIN32_WINDOWS', 1, 0, -1), ('win32con.VER_NT_WORKSTATION', 1, 0, -1), ('_winreg', 1, 1, -1), ('gestalt', 1, 0, -1), ('gestalt.gestalt', 1, 0, -1), ('MacOS', 1, 0, -1), ('gestalt', 1, 0, -1), ('MacOS', 1, 0, -1), ('plistlib', 1, 0, -1), ('java.lang', 1, 0, -1), ('java.lang.System', 1, 0, -1), ('java.lang', 1, 0, -1), ('socket', 1, 0, -1), ('struct', 1, 1, -1), ('vms_lib', 1, 1, -1)] binaries=[] datas=[]>
urllib2: None -> <Module urllib2 /usr/lib/python2.7/urllib2.pyc imports=[('base64', 0, 0, -1), ('hashlib', 0, 0, -1), ('httplib', 0, 0, -1), ('mimetools', 0, 0, -1), ('os', 0, 0, -1), ('posixpath', 0, 0, -1), ('random', 0, 0, -1), ('re', 0, 0, -1), ('socket', 0, 0, -1), ('sys', 0, 0, -1), ('time', 0, 0, -1), ('urlparse', 0, 0, -1), ('bisect', 0, 0, -1), ('cStringIO', 0, 0, -1), ('cStringIO.StringIO', 0, 0, -1), ('StringIO', 0, 1, -1), ('StringIO.StringIO', 0, 1, -1), ('urllib', 0, 0, -1), ('urllib.unwrap', 0, 0, -1), ('urllib.unquote', 0, 0, -1), ('urllib.splittype', 0, 0, -1), ('urllib.splithost', 0, 0, -1), ('urllib.quote', 0, 0, -1), ('urllib.addinfourl', 0, 0, -1), ('urllib.splitport', 0, 0, -1), ('urllib.splittag', 0, 0, -1), ('urllib.splitattr', 0, 0, -1), ('urllib.ftpwrapper', 0, 0, -1), ('urllib.splituser', 0, 0, -1), ('urllib.splitpasswd', 0, 0, -1), ('urllib.splitvalue', 0, 0, -1), ('urllib', 0, 0, -1), ('urllib.localhost', 0, 0, -1), ('urllib.url2pathname', 0, 0, -1), ('urllib.getproxies', 0, 0, -1), ('urllib.proxy_bypass', 0, 0, -1), ('types', 1, 0, -1), ('cookielib', 1, 0, -1), ('email.utils', 1, 0, -1), ('mimetypes', 1, 0, -1), ('ftplib', 1, 0, -1), ('mimetypes', 1, 0, -1)] binaries=[] datas=[]>
config: None -> <Module config /home/mboscovich/proyectos/control_parental/cliente/conf/config.pyc imports=[('platform', 0, 0, -1), ('os', 0, 0, -1), ('configobj', 0, 0, -1), ('configobj.ConfigObj', 0, 0, -1), ('configobj.flatten_errors', 0, 0, -1), ('validate', 0, 0, -1), ('validate.Validator', 0, 0, -1), ('logging', 0, 0, -1), ('funciones', 0, 0, -1), ('_winreg', 0, 1, -1), ('subprocess', 0, 1, -1)] binaries=[] datas=[]>
funciones: None -> <Module funciones /home/mboscovich/proyectos/control_parental/cliente/funciones.pyc imports=[('sqlite3', 0, 0, -1), ('logging', 0, 0, -1), ('logging.handlers', 0, 0, -1)] binaries=[] datas=[]>
servidores: None -> <Module servidores /home/mboscovich/proyectos/control_parental/cliente/clases/servidores.pyc imports=[('socket', 0, 0, -1), ('logging', 0, 0, -1), ('config', 0, 0, -1), ('funciones', 0, 0, -1)] binaries=[] datas=[]>
_emx_link: None -> None
  DEL _emx_link
_emx_link: None -> None
  DEL _emx_link
nt: None -> None
  DEL nt
nt: None -> None
  DEL nt
nt: None -> None
  DEL nt
nt: None -> None
  DEL nt
org: None -> None
  DEL org
org: None -> None
  DEL org
msvcrt: None -> None
  DEL msvcrt
_subprocess: None -> None
  DEL _subprocess
_subprocess: None -> None
  DEL _subprocess
_subprocess: None -> None
  DEL _subprocess
_subprocess: None -> None
  DEL _subprocess
_subprocess: None -> None
  DEL _subprocess
_subprocess: None -> None
  DEL _subprocess
_subprocess: None -> None
  DEL _subprocess
_subprocess: None -> None
  DEL _subprocess
_subprocess: None -> None
  DEL _subprocess
_subprocess: None -> None
  DEL _subprocess
_sha: None -> None
  DEL _sha
_md5: None -> None
  DEL _md5
_sha256: None -> None
  DEL _sha256
_sha512: None -> None
  DEL _sha512
org: None -> None
  DEL org
org: None -> None
  DEL org
sqlite3.dbapi2: None -> <Module sqlite3.dbapi2 /usr/lib/python2.7/sqlite3/dbapi2.pyc imports=[('datetime', 0, 0, -1), ('time', 0, 0, -1), ('_sqlite3', 0, 0, -1), ('_sqlite3.*', 0, 0, -1)] binaries=[] datas=[]>
sqlite3.datetime: None -> None
sqlite3.time: None -> None
sqlite3._sqlite3: None -> None
_sqlite3: None -> <Module _sqlite3 /usr/lib/python2.7/lib-dynload/_sqlite3.so imports=[] binaries=[] datas=[]>
socket: None -> <Module socket /usr/lib/python2.7/socket.pyc imports=[('_socket', 0, 0, -1), ('_socket', 0, 0, -1), ('_socket.*', 0, 0, -1), ('functools', 0, 0, -1), ('functools.partial', 0, 0, -1), ('types', 0, 0, -1), ('types.MethodType', 0, 0, -1), ('_ssl', 0, 0, -1), ('_ssl', 0, 1, -1), ('_ssl.SSLError', 0, 1, -1), ('_ssl', 0, 1, -1), ('_ssl.RAND_add', 0, 1, -1), ('_ssl.RAND_egd', 0, 1, -1), ('_ssl.RAND_status', 0, 1, -1), ('_ssl.SSL_ERROR_ZERO_RETURN', 0, 1, -1), ('_ssl.SSL_ERROR_WANT_READ', 0, 1, -1), ('_ssl.SSL_ERROR_WANT_WRITE', 0, 1, -1), ('_ssl.SSL_ERROR_WANT_X509_LOOKUP', 0, 1, -1), ('_ssl.SSL_ERROR_SYSCALL', 0, 1, -1), ('_ssl.SSL_ERROR_SSL', 0, 1, -1), ('_ssl.SSL_ERROR_WANT_CONNECT', 0, 1, -1), ('_ssl.SSL_ERROR_EOF', 0, 1, -1), ('_ssl.SSL_ERROR_INVALID_ERROR_CODE', 0, 1, -1), ('os', 0, 0, -1), ('sys', 0, 0, -1), ('warnings', 0, 0, -1), ('cStringIO', 0, 0, -1), ('cStringIO.StringIO', 0, 0, -1), ('StringIO', 0, 1, -1), ('StringIO.StringIO', 0, 1, -1), ('errno', 0, 0, -1), ('ssl', 1, 0, -1)] binaries=[] datas=[]>
urlparse: None -> <Module urlparse /usr/lib/python2.7/urlparse.pyc imports=[('collections', 0, 0, -1), ('collections.namedtuple', 0, 0, -1)] binaries=[] datas=[]>
mimetools: None -> <Module mimetools /usr/lib/python2.7/mimetools.pyc imports=[('os', 0, 0, -1), ('sys', 0, 0, -1), ('tempfile', 0, 0, -1), ('warnings', 0, 0, -1), ('warnings.filterwarnings', 0, 0, -1), ('warnings.catch_warnings', 0, 0, -1), ('rfc822', 0, 0, -1), ('warnings', 0, 0, -1), ('warnings.warnpy3k', 0, 0, -1), ('thread', 0, 0, -1), ('dummy_thread', 0, 1, -1), ('time', 1, 0, -1), ('socket', 1, 1, -1), ('base64', 1, 1, -1), ('quopri', 1, 1, -1), ('uu', 1, 1, -1), ('base64', 1, 1, -1), ('quopri', 1, 1, -1), ('uu', 1, 1, -1)] binaries=[] datas=[]>
ssl: None -> <Module ssl /usr/lib/python2.7/ssl.pyc imports=[('textwrap', 0, 0, -1), ('_ssl', 0, 0, -1), ('_ssl', 0, 0, -1), ('_ssl.OPENSSL_VERSION_NUMBER', 0, 0, -1), ('_ssl.OPENSSL_VERSION_INFO', 0, 0, -1), ('_ssl.OPENSSL_VERSION', 0, 0, -1), ('_ssl', 0, 0, -1), ('_ssl.SSLError', 0, 0, -1), ('_ssl', 0, 0, -1), ('_ssl.CERT_NONE', 0, 0, -1), ('_ssl.CERT_OPTIONAL', 0, 0, -1), ('_ssl.CERT_REQUIRED', 0, 0, -1), ('_ssl', 0, 0, -1), ('_ssl.RAND_status', 0, 0, -1), ('_ssl.RAND_egd', 0, 0, -1), ('_ssl.RAND_add', 0, 0, -1), ('_ssl', 0, 0, -1), ('_ssl.SSL_ERROR_ZERO_RETURN', 0, 0, -1), ('_ssl.SSL_ERROR_WANT_READ', 0, 0, -1), ('_ssl.SSL_ERROR_WANT_WRITE', 0, 0, -1), ('_ssl.SSL_ERROR_WANT_X509_LOOKUP', 0, 0, -1), ('_ssl.SSL_ERROR_SYSCALL', 0, 0, -1), ('_ssl.SSL_ERROR_SSL', 0, 0, -1), ('_ssl.SSL_ERROR_WANT_CONNECT', 0, 0, -1), ('_ssl.SSL_ERROR_EOF', 0, 0, -1), ('_ssl.SSL_ERROR_INVALID_ERROR_CODE', 0, 0, -1), ('_ssl', 0, 0, -1), ('_ssl.PROTOCOL_SSLv3', 0, 0, -1), ('_ssl.PROTOCOL_SSLv23', 0, 0, -1), ('_ssl.PROTOCOL_TLSv1', 0, 0, -1), ('_ssl', 0, 0, -1), ('_ssl.PROTOCOL_SSLv2', 0, 0, -1), ('socket', 0, 0, -1), ('socket.socket', 0, 0, -1), ('socket._fileobject', 0, 0, -1), ('socket._delegate_methods', 0, 0, -1), ('socket.error', 0, 0, -1), ('socket', 0, 0, -1), ('socket.getnameinfo', 0, 0, -1), ('base64', 0, 0, -1), ('errno', 0, 0, -1), ('time', 1, 0, -1)] binaries=[] datas=[]>
_socket: None -> <Module _socket None imports=[] binaries=[] datas=[]>
_ssl: None -> <Module _ssl None imports=[] binaries=[] datas=[]>
rfc822: None -> <Module rfc822 /usr/lib/python2.7/rfc822.pyc imports=[('time', 0, 0, -1), ('warnings', 0, 0, -1), ('warnings.warnpy3k', 0, 0, -1), ('sys', 0, 1, -1), ('os', 0, 1, -1)] binaries=[] datas=[]>
uu: None -> <Module uu /usr/lib/python2.7/uu.pyc imports=[('binascii', 0, 0, -1), ('os', 0, 0, -1), ('sys', 0, 0, -1), ('optparse', 1, 0, -1)] binaries=[] datas=[]>
win32pipe: None -> None
  DEL win32pipe
win32api: None -> None
  DEL win32api
win32api: None -> None
  DEL win32api
_winreg: None -> None
  DEL _winreg
win32api: None -> None
  DEL win32api
win32api: None -> None
  DEL win32api
win32api: None -> None
  DEL win32api
win32api: None -> None
  DEL win32api
win32api: None -> None
  DEL win32api
win32api: None -> None
  DEL win32api
win32con: None -> None
  DEL win32con
win32con: None -> None
  DEL win32con
win32con: None -> None
  DEL win32con
win32con: None -> None
  DEL win32con
win32con: None -> None
  DEL win32con
_winreg: None -> None
  DEL _winreg
gestalt: None -> None
  DEL gestalt
gestalt: None -> None
  DEL gestalt
MacOS: None -> None
  DEL MacOS
gestalt: None -> None
  DEL gestalt
MacOS: None -> None
  DEL MacOS
plistlib: None -> <Module plistlib /usr/lib/python2.7/plistlib.pyc imports=[('binascii', 0, 0, -1), ('datetime', 0, 0, -1), ('cStringIO', 0, 0, -1), ('cStringIO.StringIO', 0, 0, -1), ('re', 0, 0, -1), ('warnings', 0, 0, -1), ('Carbon.File', 1, 0, -1), ('Carbon.File.FSRef', 1, 0, -1), ('Carbon.File.FSGetResourceForkName', 1, 0, -1), ('Carbon.Files', 1, 0, -1), ('Carbon.Files.fsRdPerm', 1, 0, -1), ('Carbon', 1, 0, -1), ('Carbon.Res', 1, 0, -1), ('Carbon.File', 1, 0, -1), ('Carbon.File.FSRef', 1, 0, -1), ('Carbon.File.FSGetResourceForkName', 1, 0, -1), ('Carbon.Files', 1, 0, -1), ('Carbon.Files.fsRdWrPerm', 1, 0, -1), ('Carbon', 1, 0, -1), ('Carbon.Res', 1, 0, -1), ('warnings', 1, 0, -1), ('warnings.warn', 1, 0, -1), ('warnings', 1, 0, -1), ('warnings.warn', 1, 0, -1), ('warnings', 1, 0, -1), ('warnings.warn', 1, 0, -1), ('warnings', 1, 0, -1), ('warnings.warn', 1, 0, -1), ('warnings', 1, 0, -1), ('warnings.warn', 1, 0, -1), ('xml.parsers.expat', 1, 0, -1), ('xml.parsers.expat.ParserCreate', 1, 0, -1)] binaries=[] datas=[]>
java: None -> None
  DEL java
java: None -> None
  DEL java
java: None -> None
  DEL java
vms_lib: None -> None
  DEL vms_lib
Carbon: None -> None
  DEL Carbon
Carbon: None -> None
  DEL Carbon
Carbon: None -> None
  DEL Carbon
Carbon: None -> None
  DEL Carbon
Carbon: None -> None
  DEL Carbon
Carbon: None -> None
  DEL Carbon
Carbon: None -> None
  DEL Carbon
Carbon: None -> None
  DEL Carbon
Carbon: None -> None
  DEL Carbon
Carbon: None -> None
  DEL Carbon
Carbon: None -> None
  DEL Carbon
Carbon: None -> None
  DEL Carbon
Carbon: None -> None
  DEL Carbon
Carbon: None -> None
  DEL Carbon
xml: None -> <Module xml /usr/lib/python2.7/xml/__init__.pyc imports=[('_xmlplus', 0, 0, -1), ('sys', 0, 1, -1)] binaries=[] datas=[]>
xml.parsers: None -> <Module xml.parsers /usr/lib/python2.7/xml/parsers/__init__.pyc imports=[] binaries=[] datas=[]>
xml.parsers.expat: None -> <Module xml.parsers.expat /usr/lib/python2.7/xml/parsers/expat.pyc imports=[('pyexpat', 0, 0, -1), ('pyexpat.*', 0, 0, -1)] binaries=[] datas=[]>
xml._xmlplus: None -> None
_xmlplus: None -> None
  DEL _xmlplus
xml.sys: None -> None
xml.xml: None -> None
xml.sax: None -> <Module xml.sax /usr/lib/python2.7/xml/sax/__init__.pyc imports=[('xmlreader', 0, 0, -1), ('xmlreader.InputSource', 0, 0, -1), ('handler', 0, 0, -1), ('handler.ContentHandler', 0, 0, -1), ('handler.ErrorHandler', 0, 0, -1), ('_exceptions', 0, 0, -1), ('_exceptions.SAXException', 0, 0, -1), ('_exceptions.SAXNotRecognizedException', 0, 0, -1), ('_exceptions.SAXParseException', 0, 0, -1), ('_exceptions.SAXNotSupportedException', 0, 0, -1), ('_exceptions.SAXReaderNotAvailable', 0, 0, -1), ('xml.sax.expatreader', 0, 1, -1), ('os', 0, 0, -1), ('sys', 0, 0, -1), ('cStringIO', 1, 0, -1), ('cStringIO.StringIO', 1, 0, -1), ('StringIO', 1, 1, -1), ('StringIO.StringIO', 1, 1, -1), ('sys', 1, 1, -1), ('org.python.core', 1, 0, -1), ('org.python.core.imp', 1, 0, -1)] binaries=[] datas=[]>
xml.sax.xmlreader: None -> <Module xml.sax.xmlreader /usr/lib/python2.7/xml/sax/xmlreader.pyc imports=[('handler', 0, 0, -1), ('_exceptions', 0, 0, -1), ('_exceptions.SAXNotSupportedException', 0, 0, -1), ('_exceptions.SAXNotRecognizedException', 0, 0, -1), ('saxutils', 1, 0, -1)] binaries=[] datas=[]>
xml.sax.expatreader: None -> <Module xml.sax.expatreader /usr/lib/python2.7/xml/sax/expatreader.pyc imports=[('xml.sax._exceptions', 0, 0, -1), ('xml.sax._exceptions.*', 0, 0, -1), ('xml.sax.handler', 0, 0, -1), ('xml.sax.handler.feature_validation', 0, 0, -1), ('xml.sax.handler.feature_namespaces', 0, 0, -1), ('xml.sax.handler', 0, 0, -1), ('xml.sax.handler.feature_namespace_prefixes', 0, 0, -1), ('xml.sax.handler', 0, 0, -1), ('xml.sax.handler.feature_external_ges', 0, 0, -1), ('xml.sax.handler.feature_external_pes', 0, 0, -1), ('xml.sax.handler', 0, 0, -1), ('xml.sax.handler.feature_string_interning', 0, 0, -1), ('xml.sax.handler', 0, 0, -1), ('xml.sax.handler.property_xml_string', 0, 0, -1), ('xml.sax.handler.property_interning_dict', 0, 0, -1), ('sys', 0, 0, -1), ('xml.parsers', 0, 0, -1), ('xml.parsers.expat', 0, 0, -1), ('xml.sax', 0, 0, -1), ('xml.sax.xmlreader', 0, 0, -1), ('xml.sax.saxutils', 0, 0, -1), ('xml.sax.handler', 0, 0, -1), ('_weakref', 0, 0, -1), ('weakref', 0, 1, -1), ('xml.sax.saxutils', 0, 1, -1)] binaries=[] datas=[]>
xml.sax.handler: None -> <Module xml.sax.handler /usr/lib/python2.7/xml/sax/handler.pyc imports=[] binaries=[] datas=[]>
xml.sax._exceptions: None -> <Module xml.sax._exceptions /usr/lib/python2.7/xml/sax/_exceptions.pyc imports=[('sys', 0, 0, -1), ('java.lang', 0, 1, -1), ('java.lang.Exception', 0, 1, -1)] binaries=[] datas=[]>
xml.sax.xml: None -> None
xml.sax.os: None -> None
xml.sax.sys: None -> None
xml.sax.cStringIO: None -> None
xml.sax.StringIO: None -> None
xml.sax.org: None -> None
org: None -> None
  DEL org
org: None -> None
  DEL org
xml.sax.saxutils: None -> <Module xml.sax.saxutils /usr/lib/python2.7/xml/sax/saxutils.pyc imports=[('os', 0, 0, -1), ('urlparse', 0, 0, -1), ('urllib', 0, 0, -1), ('types', 0, 0, -1), ('handler', 0, 0, -1), ('xmlreader', 0, 0, -1), ('codecs', 0, 0, -1), ('codecs.xmlcharrefreplace_errors', 0, 0, -1), ('sys', 1, 1, -1)] binaries=[] datas=[]>
xml.sax.java: None -> None
java: None -> None
  DEL java
java: None -> None
  DEL java
xml.sax.urlparse: None -> None
xml.sax.urllib: None -> None
urllib: None -> <Module urllib /usr/lib/python2.7/urllib.pyc imports=[('string', 0, 0, -1), ('socket', 0, 0, -1), ('os', 0, 0, -1), ('time', 0, 0, -1), ('sys', 0, 0, -1), ('urlparse', 0, 0, -1), ('urlparse.urljoin', 0, 0, -1), ('nturl2path', 0, 1, -1), ('nturl2path.url2pathname', 0, 1, -1), ('nturl2path.pathname2url', 0, 1, -1), ('rourl2path', 0, 1, -1), ('rourl2path.url2pathname', 0, 1, -1), ('rourl2path.pathname2url', 0, 1, -1), ('ssl', 0, 0, -1), ('_scproxy', 0, 1, -1), ('_scproxy._get_proxy_settings', 0, 1, -1), ('_scproxy._get_proxies', 0, 1, -1), ('warnings', 1, 0, -1), ('warnings.warnpy3k', 1, 0, -1), ('tempfile', 1, 1, -1), ('httplib', 1, 0, -1), ('base64', 1, 1, -1), ('base64', 1, 1, -1), ('httplib', 1, 0, -1), ('base64', 1, 1, -1), ('base64', 1, 1, -1), ('mimetypes', 1, 0, -1), ('mimetools', 1, 0, -1), ('email.utils', 1, 0, -1), ('cStringIO', 1, 0, -1), ('cStringIO.StringIO', 1, 0, -1), ('StringIO', 1, 1, -1), ('StringIO.StringIO', 1, 1, -1), ('mimetypes', 1, 0, -1), ('mimetools', 1, 0, -1), ('cStringIO', 1, 0, -1), ('cStringIO.StringIO', 1, 0, -1), ('StringIO', 1, 1, -1), ('StringIO.StringIO', 1, 1, -1), ('ftplib', 1, 1, -1), ('mimetools', 1, 0, -1), ('cStringIO', 1, 0, -1), ('cStringIO.StringIO', 1, 0, -1), ('StringIO', 1, 1, -1), ('StringIO.StringIO', 1, 1, -1), ('base64', 1, 1, -1), ('re', 1, 0, -1), ('re', 1, 0, -1), ('getpass', 1, 0, -1), ('ftplib', 1, 1, -1), ('mimetools', 1, 1, -1), ('cStringIO', 1, 1, -1), ('cStringIO.StringIO', 1, 1, -1), ('StringIO', 1, 1, -1), ('StringIO.StringIO', 1, 1, -1), ('ftplib', 1, 0, -1), ('ftplib', 1, 0, -1), ('re', 1, 1, -1), ('re', 1, 1, -1), ('re', 1, 1, -1), ('re', 1, 1, -1), ('re', 1, 1, -1), ('re', 1, 1, -1), ('re', 1, 1, -1), ('re', 1, 1, -1), ('re', 1, 1, -1), ('re', 1, 0, -1), ('socket', 1, 0, -1), ('fnmatch', 1, 0, -1), ('fnmatch.fnmatch', 1, 0, -1), ('_winreg', 1, 0, -1), ('re', 1, 1, -1), ('_winreg', 1, 0, -1), ('re', 1, 0, -1)] binaries=[] datas=[]>
xml.sax.types: None -> None
xml.sax.codecs: None -> None
nturl2path: None -> <Module nturl2path /usr/lib/python2.7/nturl2path.pyc imports=[('string', 1, 0, -1), ('urllib', 1, 0, -1), ('urllib', 1, 0, -1)] binaries=[] datas=[]>
rourl2path: None -> None
  DEL rourl2path
rourl2path: None -> None
  DEL rourl2path
rourl2path: None -> None
  DEL rourl2path
_scproxy: None -> None
  DEL _scproxy
_scproxy: None -> None
  DEL _scproxy
_scproxy: None -> None
  DEL _scproxy
mimetypes: None -> <Module mimetypes /usr/lib/python2.7/mimetypes.pyc imports=[('os', 0, 0, -1), ('sys', 0, 0, -1), ('posixpath', 0, 0, -1), ('urllib', 0, 0, -1), ('_winreg', 0, 0, -1), ('getopt', 0, 1, -1)] binaries=[] datas=[]>
email: None -> <Module email /usr/lib/python2.7/email/__init__.pyc imports=[('sys', 0, 0, -1), ('email.mime', 0, 0, -1), ('email.parser', 1, 0, -1), ('email.parser.Parser', 1, 0, -1), ('email.parser', 1, 0, -1), ('email.parser.Parser', 1, 0, -1)] binaries=[] datas=[]>
email.utils: None -> <Module email.utils /usr/lib/python2.7/email/utils.pyc imports=[('os', 0, 0, -1), ('re', 0, 0, -1), ('time', 0, 0, -1), ('base64', 0, 0, -1), ('random', 0, 0, -1), ('socket', 0, 0, -1), ('urllib', 0, 0, -1), ('warnings', 0, 0, -1), ('email._parseaddr', 0, 0, -1), ('email._parseaddr.quote', 0, 0, -1), ('email._parseaddr', 0, 0, -1), ('email._parseaddr.AddressList', 0, 0, -1), ('email._parseaddr', 0, 0, -1), ('email._parseaddr.mktime_tz', 0, 0, -1), ('email._parseaddr', 0, 0, -1), ('email._parseaddr.parsedate', 0, 0, -1), ('email._parseaddr', 0, 0, -1), ('email._parseaddr.parsedate_tz', 0, 0, -1), ('quopri', 0, 0, -1), ('quopri.decodestring', 0, 0, -1), ('email.encoders', 0, 0, -1), ('email.encoders._bencode', 0, 0, -1), ('email.encoders._qencode', 0, 0, -1), ('urllib', 1, 0, -1)] binaries=[] datas=[]>
ftplib: None -> <Module ftplib /usr/lib/python2.7/ftplib.pyc imports=[('os', 0, 0, -1), ('sys', 0, 0, -1), ('SOCKS', 0, 0, -1), ('socket', 0, 0, -1), ('socket.getfqdn', 0, 0, -1), ('socket', 0, 1, -1), ('socket', 0, 0, -1), ('socket._GLOBAL_DEFAULT_TIMEOUT', 0, 0, -1), ('ssl', 0, 0, -1), ('re', 1, 1, -1), ('re', 1, 1, -1)] binaries=[] datas=[]>
getpass: None -> <Module getpass /usr/lib/python2.7/getpass.pyc imports=[('os', 0, 0, -1), ('sys', 0, 0, -1), ('warnings', 0, 0, -1), ('termios', 0, 0, -1), ('msvcrt', 0, 1, -1), ('EasyDialogs', 0, 1, -1), ('EasyDialogs.AskPassword', 0, 1, -1), ('msvcrt', 1, 0, -1), ('os', 1, 0, -1), ('pwd', 1, 0, -1)] binaries=[] datas=[]>
_winreg: None -> None
  DEL _winreg
_winreg: None -> None
  DEL _winreg
_winreg: None -> None
  DEL _winreg
email.sys: None -> None
email.email: None -> None
email.mime: None -> <Module email.mime /usr/lib/python2.7/email/mime/__init__.pyc imports=[] binaries=[] datas=[]>
email.parser: None -> <Module email.parser /usr/lib/python2.7/email/parser.pyc imports=[('warnings', 0, 0, -1), ('cStringIO', 0, 0, -1), ('cStringIO.StringIO', 0, 0, -1), ('email.feedparser', 0, 0, -1), ('email.feedparser.FeedParser', 0, 0, -1), ('email.message', 0, 0, -1), ('email.message.Message', 0, 0, -1)] binaries=[] datas=[]>
email.warnings: None -> None
email.cStringIO: None -> None
email.feedparser: None -> <Module email.feedparser /usr/lib/python2.7/email/feedparser.pyc imports=[('re', 0, 0, -1), ('email', 0, 0, -1), ('email.errors', 0, 0, -1), ('email', 0, 0, -1), ('email.message', 0, 0, -1)] binaries=[] datas=[]>
email.message: None -> <Module email.message /usr/lib/python2.7/email/message.pyc imports=[('re', 0, 0, -1), ('uu', 0, 0, -1), ('binascii', 0, 0, -1), ('warnings', 0, 0, -1), ('cStringIO', 0, 0, -1), ('cStringIO.StringIO', 0, 0, -1), ('email.charset', 0, 0, -1), ('email', 0, 0, -1), ('email.utils', 0, 0, -1), ('email', 0, 0, -1), ('email.errors', 0, 0, -1), ('email.iterators', 1, 0, -1), ('email.iterators.walk', 1, 0, -1), ('email.generator', 1, 0, -1), ('email.generator.Generator', 1, 0, -1)] binaries=[] datas=[]>
email.re: None -> None
email.errors: None -> <Module email.errors /usr/lib/python2.7/email/errors.pyc imports=[] binaries=[] datas=[]>
email.uu: None -> None
email.binascii: None -> None
email.charset: None -> <Module email.charset /usr/lib/python2.7/email/charset.pyc imports=[('codecs', 0, 0, -1), ('email.base64mime', 0, 0, -1), ('email.quoprimime', 0, 0, -1), ('email', 0, 0, -1), ('email.errors', 0, 0, -1), ('email.encoders', 0, 0, -1), ('email.encoders.encode_7or8bit', 0, 0, -1)] binaries=[] datas=[]>
email.iterators: None -> <Module email.iterators /usr/lib/python2.7/email/iterators.pyc imports=[('sys', 0, 0, -1), ('cStringIO', 0, 0, -1), ('cStringIO.StringIO', 0, 0, -1)] binaries=[] datas=[]>
email.generator: None -> <Module email.generator /usr/lib/python2.7/email/generator.pyc imports=[('re', 0, 0, -1), ('sys', 0, 0, -1), ('time', 0, 0, -1), ('random', 0, 0, -1), ('warnings', 0, 0, -1), ('cStringIO', 0, 0, -1), ('cStringIO.StringIO', 0, 0, -1), ('email.header', 0, 0, -1), ('email.header.Header', 0, 0, -1)] binaries=[] datas=[]>
email.codecs: None -> None
email.base64mime: None -> <Module email.base64mime /usr/lib/python2.7/email/base64mime.pyc imports=[('binascii', 0, 0, -1), ('binascii.b2a_base64', 0, 0, -1), ('binascii.a2b_base64', 0, 0, -1), ('email.utils', 0, 0, -1), ('email.utils.fix_eols', 0, 0, -1)] binaries=[] datas=[]>
email.quoprimime: None -> <Module email.quoprimime /usr/lib/python2.7/email/quoprimime.pyc imports=[('re', 0, 0, -1), ('string', 0, 0, -1), ('string.hexdigits', 0, 0, -1), ('email.utils', 0, 0, -1), ('email.utils.fix_eols', 0, 0, -1)] binaries=[] datas=[]>
email.encoders: None -> <Module email.encoders /usr/lib/python2.7/email/encoders.pyc imports=[('base64', 0, 0, -1), ('quopri', 0, 0, -1), ('quopri.encodestring', 0, 0, -1)] binaries=[] datas=[]>
email.os: None -> None
email.time: None -> None
email.base64: None -> None
email.random: None -> None
email.socket: None -> None
email.urllib: None -> None
email._parseaddr: None -> <Module email._parseaddr /usr/lib/python2.7/email/_parseaddr.pyc imports=[('time', 0, 0, -1)] binaries=[] datas=[]>
email.quopri: None -> None
email.string: None -> None
email.header: None -> <Module email.header /usr/lib/python2.7/email/header.pyc imports=[('re', 0, 0, -1), ('binascii', 0, 0, -1), ('email.quoprimime', 0, 0, -1), ('email.base64mime', 0, 0, -1), ('email.errors', 0, 0, -1), ('email.errors.HeaderParseError', 0, 0, -1), ('email.charset', 0, 0, -1), ('email.charset.Charset', 0, 0, -1)] binaries=[] datas=[]>
SOCKS: None -> None
  DEL SOCKS
termios: None -> <Module termios /usr/lib/python2.7/lib-dynload/termios.so imports=[] binaries=[] datas=[]>
msvcrt: None -> None
  DEL msvcrt
EasyDialogs: None -> None
  DEL EasyDialogs
EasyDialogs: None -> None
  DEL EasyDialogs
msvcrt: None -> None
  DEL msvcrt
xml.sax._weakref: None -> None
xml.sax.weakref: None -> None
xml.parsers.pyexpat: None -> None
pyexpat: None -> <Module pyexpat /usr/lib/python2.7/lib-dynload/pyexpat.so imports=[] binaries=[] datas=[]>
xmlparse: None -> None
  DEL xmlparse
xmltok: None -> None
  DEL xmltok
cookielib: None -> <Module cookielib /usr/lib/python2.7/cookielib.pyc imports=[('re', 0, 0, -1), ('urlparse', 0, 0, -1), ('copy', 0, 0, -1), ('time', 0, 0, -1), ('urllib', 0, 0, -1), ('threading', 0, 0, -1), ('dummy_threading', 0, 1, -1), ('httplib', 0, 0, -1), ('calendar', 0, 0, -1), ('calendar.timegm', 0, 0, -1), ('_LWPCookieJar', 0, 0, -1), ('_LWPCookieJar.LWPCookieJar', 0, 0, -1), ('_LWPCookieJar.lwp_cookie_str', 0, 0, -1), ('_MozillaCookieJar', 0, 0, -1), ('_MozillaCookieJar.MozillaCookieJar', 0, 0, -1), ('logging', 1, 1, -1), ('warnings', 1, 0, -1), ('traceback', 1, 0, -1), ('StringIO', 1, 0, -1)] binaries=[] datas=[]>
dummy_threading: None -> <Module dummy_threading /usr/lib/python2.7/dummy_threading.pyc imports=[('sys', 0, 0, -1), ('sys.modules', 0, 0, -1), ('dummy_thread', 0, 0, -1), ('threading', 0, 0, -1), ('_dummy_threading', 0, 0, -1), ('_dummy_threading.*', 0, 0, -1), ('_dummy_threading', 0, 0, -1), ('_dummy_threading.__all__', 0, 0, -1)] binaries=[] datas=[]>
_LWPCookieJar: None -> <Module _LWPCookieJar /usr/lib/python2.7/_LWPCookieJar.pyc imports=[('time', 0, 0, -1), ('re', 0, 0, -1), ('cookielib', 0, 0, -1), ('cookielib._warn_unhandled_exception', 0, 0, -1), ('cookielib.FileCookieJar', 0, 0, -1), ('cookielib.LoadError', 0, 0, -1), ('cookielib.Cookie', 0, 0, -1), ('cookielib.MISSING_FILENAME_TEXT', 0, 0, -1), ('cookielib.join_header_words', 0, 0, -1), ('cookielib.split_header_words', 0, 0, -1), ('cookielib.iso2time', 0, 0, -1), ('cookielib.time2isoz', 0, 0, -1)] binaries=[] datas=[]>
_MozillaCookieJar: None -> <Module _MozillaCookieJar /usr/lib/python2.7/_MozillaCookieJar.pyc imports=[('re', 0, 0, -1), ('time', 0, 0, -1), ('cookielib', 0, 0, -1), ('cookielib._warn_unhandled_exception', 0, 0, -1), ('cookielib.FileCookieJar', 0, 0, -1), ('cookielib.LoadError', 0, 0, -1), ('cookielib.Cookie', 0, 0, -1), ('cookielib.MISSING_FILENAME_TEXT', 0, 0, -1)] binaries=[] datas=[]>
_dummy_threading: None -> None
  DEL _dummy_threading
_dummy_threading: None -> None
  DEL _dummy_threading
_dummy_threading: None -> None
  DEL _dummy_threading
_dummy_threading: None -> None
  DEL _dummy_threading
configobj: None -> <Module configobj /home/mboscovich/proyectos/control_parental/cliente/conf/configobj.pyc imports=[('__future__', 0, 0, -1), ('__future__.generators', 0, 0, -1), ('os', 0, 0, -1), ('re', 0, 0, -1), ('sys', 0, 0, -1), ('codecs', 0, 0, -1), ('codecs.BOM_UTF8', 0, 0, -1), ('codecs.BOM_UTF16', 0, 0, -1), ('codecs.BOM_UTF16_BE', 0, 0, -1), ('codecs.BOM_UTF16_LE', 0, 0, -1), ('compiler', 1, 1, -1), ('warnings', 1, 1, -1), ('validate', 1, 1, -1), ('validate.VdtMissingValue', 1, 1, -1)] binaries=[] datas=[]>
validate: None -> <Module validate /home/mboscovich/proyectos/control_parental/cliente/conf/validate.pyc imports=[('re', 0, 0, -1), ('sys', 0, 1, -1), ('doctest', 0, 1, -1), ('socket', 1, 0, -1), ('struct', 1, 0, -1), ('socket', 1, 0, -1), ('struct', 1, 0, -1)] binaries=[] datas=[]>
_winreg: None -> None
  DEL _winreg
compiler: None -> <Module compiler /usr/lib/python2.7/compiler/__init__.pyc imports=[('warnings', 0, 0, -1), ('compiler.transformer', 0, 0, -1), ('compiler.transformer.parse', 0, 0, -1), ('compiler.transformer.parseFile', 0, 0, -1), ('compiler.visitor', 0, 0, -1), ('compiler.visitor.walk', 0, 0, -1), ('compiler.pycodegen', 0, 0, -1), ('compiler.pycodegen.compile', 0, 0, -1), ('compiler.pycodegen.compileFile', 0, 0, -1)] binaries=[] datas=[]>
compiler.warnings: None -> None
compiler.compiler: None -> None
compiler.transformer: None -> <Module compiler.transformer /usr/lib/python2.7/compiler/transformer.pyc imports=[('compiler.ast', 0, 0, -1), ('compiler.ast.*', 0, 0, -1), ('parser', 0, 0, -1), ('symbol', 0, 0, -1), ('token', 0, 0, -1), ('compiler.consts', 0, 0, -1), ('compiler.consts.CO_VARARGS', 0, 0, -1), ('compiler.consts.CO_VARKEYWORDS', 0, 0, -1), ('compiler.consts', 0, 0, -1), ('compiler.consts.OP_ASSIGN', 0, 0, -1), ('compiler.consts.OP_DELETE', 0, 0, -1), ('compiler.consts.OP_APPLY', 0, 0, -1)] binaries=[] datas=[]>
compiler.visitor: None -> <Module compiler.visitor /usr/lib/python2.7/compiler/visitor.pyc imports=[('compiler', 0, 0, -1), ('compiler.ast', 0, 0, -1)] binaries=[] datas=[]>
compiler.pycodegen: None -> <Module compiler.pycodegen /usr/lib/python2.7/compiler/pycodegen.pyc imports=[('imp', 0, 0, -1), ('os', 0, 0, -1), ('marshal', 0, 0, -1), ('struct', 0, 0, -1), ('sys', 0, 0, -1), ('cStringIO', 0, 0, -1), ('cStringIO.StringIO', 0, 0, -1), ('compiler', 0, 0, -1), ('compiler.ast', 0, 0, -1), ('compiler.parse', 0, 0, -1), ('compiler.walk', 0, 0, -1), ('compiler.syntax', 0, 0, -1), ('compiler', 0, 0, -1), ('compiler.pyassem', 0, 0, -1), ('compiler.misc', 0, 0, -1), ('compiler.future', 0, 0, -1), ('compiler.symbols', 0, 0, -1), ('compiler.consts', 0, 0, -1), ('compiler.consts.SC_LOCAL', 0, 0, -1), ('compiler.consts.SC_GLOBAL_IMPLICIT', 0, 0, -1), ('compiler.consts.SC_GLOBAL_EXPLICT', 0, 0, -1), ('compiler.consts.SC_FREE', 0, 0, -1), ('compiler.consts.SC_CELL', 0, 0, -1), ('compiler.consts', 0, 0, -1), ('compiler.consts.CO_VARARGS', 0, 0, -1), ('compiler.consts.CO_VARKEYWORDS', 0, 0, -1), ('compiler.consts.CO_NEWLOCALS', 0, 0, -1), ('compiler.consts.CO_NESTED', 0, 0, -1), ('compiler.consts.CO_GENERATOR', 0, 0, -1), ('compiler.consts.CO_FUTURE_DIVISION', 0, 0, -1), ('compiler.consts.CO_FUTURE_ABSIMPORT', 0, 0, -1), ('compiler.consts.CO_FUTURE_WITH_STATEMENT', 0, 0, -1), ('compiler.consts.CO_FUTURE_PRINT_FUNCTION', 0, 0, -1), ('compiler.pyassem', 0, 0, -1), ('compiler.pyassem.TupleArg', 0, 0, -1), ('pprint', 1, 1, -1)] binaries=[] datas=[]>
compiler.ast: None -> <Module compiler.ast /usr/lib/python2.7/compiler/ast.pyc imports=[('compiler.consts', 0, 0, -1), ('compiler.consts.CO_VARARGS', 0, 0, -1), ('compiler.consts.CO_VARKEYWORDS', 0, 0, -1)] binaries=[] datas=[]>
compiler.parser: None -> None
parser: None -> <Module parser /usr/lib/python2.7/lib-dynload/parser.so imports=[] binaries=[] datas=[]>
compiler.symbol: None -> None
symbol: None -> <Module symbol /usr/lib/python2.7/symbol.pyc imports=[('sys', 1, 0, -1), ('token', 1, 0, -1)] binaries=[] datas=[]>
compiler.token: None -> None
compiler.consts: None -> <Module compiler.consts /usr/lib/python2.7/compiler/consts.pyc imports=[] binaries=[] datas=[]>
compiler.imp: None -> None
compiler.os: None -> None
compiler.marshal: None -> None
compiler.struct: None -> None
compiler.sys: None -> None
compiler.cStringIO: None -> None
compiler.parse: None -> None
  DEL compiler.parse
compiler.walk: None -> None
  DEL compiler.walk
compiler.syntax: None -> <Module compiler.syntax /usr/lib/python2.7/compiler/syntax.pyc imports=[('compiler', 0, 0, -1), ('compiler.ast', 0, 0, -1), ('compiler.walk', 0, 0, -1)] binaries=[] datas=[]>
compiler.pyassem: None -> <Module compiler.pyassem /usr/lib/python2.7/compiler/pyassem.pyc imports=[('dis', 0, 0, -1), ('types', 0, 0, -1), ('sys', 0, 0, -1), ('compiler', 0, 0, -1), ('compiler.misc', 0, 0, -1), ('compiler.consts', 0, 0, -1), ('compiler.consts.CO_OPTIMIZED', 0, 0, -1), ('compiler.consts.CO_NEWLOCALS', 0, 0, -1), ('compiler.consts.CO_VARARGS', 0, 0, -1), ('compiler.consts.CO_VARKEYWORDS', 0, 0, -1)] binaries=[] datas=[]>
compiler.misc: None -> <Module compiler.misc /usr/lib/python2.7/compiler/misc.pyc imports=[] binaries=[] datas=[]>
compiler.future: None -> <Module compiler.future /usr/lib/python2.7/compiler/future.pyc imports=[('compiler', 0, 0, -1), ('compiler.ast', 0, 0, -1), ('compiler.walk', 0, 0, -1), ('sys', 0, 1, -1), ('compiler', 0, 1, -1), ('compiler.parseFile', 0, 1, -1), ('compiler.walk', 0, 1, -1)] binaries=[] datas=[]>
compiler.symbols: None -> <Module compiler.symbols /usr/lib/python2.7/compiler/symbols.pyc imports=[('compiler', 0, 0, -1), ('compiler.ast', 0, 0, -1), ('compiler.consts', 0, 0, -1), ('compiler.consts.SC_LOCAL', 0, 0, -1), ('compiler.consts.SC_GLOBAL_IMPLICIT', 0, 0, -1), ('compiler.consts.SC_GLOBAL_EXPLICT', 0, 0, -1), ('compiler.consts.SC_FREE', 0, 0, -1), ('compiler.consts.SC_CELL', 0, 0, -1), ('compiler.consts.SC_UNKNOWN', 0, 0, -1), ('compiler.misc', 0, 0, -1), ('compiler.misc.mangle', 0, 0, -1), ('types', 0, 0, -1), ('sys', 0, 0, -1), ('sys', 0, 1, -1), ('compiler', 0, 1, -1), ('compiler.parseFile', 0, 1, -1), ('compiler.walk', 0, 1, -1), ('symtable', 0, 1, -1)] binaries=[] datas=[]>
compiler.pprint: None -> None
compiler.walk: None -> None
  DEL compiler.walk
compiler.dis: None -> None
compiler.types: None -> None
compiler.walk: None -> None
  DEL compiler.walk
compiler.parseFile: None -> None
  DEL compiler.parseFile
compiler.walk: None -> None
  DEL compiler.walk
compiler.parseFile: None -> None
  DEL compiler.parseFile
compiler.walk: None -> None
  DEL compiler.walk
compiler.symtable: None -> None
symtable: None -> <Module symtable /usr/lib/python2.7/symtable.pyc imports=[('_symtable', 0, 0, -1), ('_symtable', 0, 0, -1), ('_symtable.USE', 0, 0, -1), ('_symtable.DEF_GLOBAL', 0, 0, -1), ('_symtable.DEF_LOCAL', 0, 0, -1), ('_symtable.DEF_PARAM', 0, 0, -1), ('_symtable.DEF_IMPORT', 0, 0, -1), ('_symtable.DEF_BOUND', 0, 0, -1), ('_symtable.OPT_IMPORT_STAR', 0, 0, -1), ('_symtable.OPT_EXEC', 0, 0, -1), ('_symtable.OPT_BARE_EXEC', 0, 0, -1), ('_symtable.SCOPE_OFF', 0, 0, -1), ('_symtable.SCOPE_MASK', 0, 0, -1), ('_symtable.FREE', 0, 0, -1), ('_symtable.GLOBAL_IMPLICIT', 0, 0, -1), ('_symtable.GLOBAL_EXPLICIT', 0, 0, -1), ('_symtable.CELL', 0, 0, -1), ('_symtable.LOCAL', 0, 0, -1), ('weakref', 0, 0, -1), ('os', 0, 1, -1), ('sys', 0, 1, -1)] binaries=[] datas=[]>
_symtable: None -> <Module _symtable None imports=[] binaries=[] datas=[]>
logging.handlers: None -> <Module logging.handlers /usr/lib/python2.7/logging/handlers.pyc imports=[('logging', 0, 0, -1), ('socket', 0, 0, -1), ('os', 0, 0, -1), ('cPickle', 0, 0, -1), ('struct', 0, 0, -1), ('time', 0, 0, -1), ('re', 0, 0, -1), ('stat', 0, 0, -1), ('stat.ST_DEV', 0, 0, -1), ('stat.ST_INO', 0, 0, -1), ('stat.ST_MTIME', 0, 0, -1), ('codecs', 0, 0, -1), ('smtplib', 1, 0, -1), ('email.utils', 1, 0, -1), ('email.utils.formatdate', 1, 0, -1), ('win32evtlogutil', 1, 0, -1), ('win32evtlog', 1, 0, -1), ('httplib', 1, 0, -1), ('urllib', 1, 0, -1)] binaries=[] datas=[]>
logging.logging: None -> None
logging.socket: None -> None
logging.cPickle: None -> None
logging.struct: None -> None
logging.re: None -> None
logging.stat: None -> None
logging.smtplib: None -> None
smtplib: None -> <Module smtplib /usr/lib/python2.7/smtplib.pyc imports=[('socket', 0, 0, -1), ('re', 0, 0, -1), ('email.utils', 0, 0, -1), ('base64', 0, 0, -1), ('hmac', 0, 0, -1), ('email.base64mime', 0, 0, -1), ('email.base64mime.encode', 0, 0, -1), ('sys', 0, 0, -1), ('sys.stderr', 0, 0, -1), ('ssl', 0, 0, -1), ('sys', 0, 1, -1)] binaries=[] datas=[]>
logging.email: None -> None
logging.win32evtlogutil: None -> None
win32evtlogutil: None -> None
  DEL win32evtlogutil
logging.win32evtlog: None -> None
win32evtlog: None -> None
  DEL win32evtlog
logging.httplib: None -> None
logging.urllib: None -> None
hmac: None -> <Module hmac /usr/lib/python2.7/hmac.pyc imports=[('warnings', 0, 0, -1), ('hashlib', 1, 1, -1)] binaries=[] datas=[]>
